29-07-2024 08:37:58 [authentification_api] info: Login successful for email: jordan@solution-logique.fr
{
  "ip": "172.18.0.9",
  "url": "/",
  "method": "POST"
}

--------------------------------------------------------------

29-07-2024 08:48:01 [authentification_api] info: Login successful for email: jordan@solution-logique.fr
{
  "ip": "172.18.0.9",
  "url": "/",
  "method": "POST"
}

--------------------------------------------------------------

29-07-2024 09:07:28 [authentification_api] info: Login successful for email: jordan@solution-logique.fr
{
  "ip": "172.18.0.9",
  "url": "/",
  "method": "POST"
}

--------------------------------------------------------------

29-07-2024 09:10:09 [authentification_api] info: Login successful for email: jordan@solution-logique.fr
{
  "ip": "172.18.0.9",
  "url": "/",
  "method": "POST"
}

--------------------------------------------------------------

29-07-2024 09:19:58 [authentification_api] info: Login successful for email: jordan@solution-logique.fr
{
  "ip": "172.18.0.9",
  "url": "/",
  "method": "POST"
}

--------------------------------------------------------------

29-07-2024 09:50:32 [authentification_api] info: Login successful for email: jordan@solution-logique.fr
{
  "ip": "172.18.0.9",
  "url": "/",
  "method": "POST"
}

--------------------------------------------------------------

29-07-2024 09:58:22 [authentification_api] info: Login successful for email: jordan@solution-logique.fr
{
  "ip": "172.18.0.9",
  "url": "/",
  "method": "POST"
}

--------------------------------------------------------------

29-07-2024 10:55:13 [authentification_api] info: Login successful for email: jordan@solution-logique.fr
{
  "ip": "172.18.0.9",
  "url": "/",
  "method": "POST"
}

--------------------------------------------------------------

29-07-2024 11:10:16 [authentification_api] info: Login successful for email: jordan@solution-logique.fr
{
  "ip": "172.18.0.9",
  "url": "/",
  "method": "POST"
}

--------------------------------------------------------------

29-07-2024 11:10:22 [authentification_api] info: Login successful for email: jordan@solution-logique.fr
{
  "ip": "172.18.0.9",
  "url": "/",
  "method": "POST"
}

--------------------------------------------------------------

29-07-2024 11:11:20 [authentification_api] info: Login successful for email: jordan@solution-logique.fr
{
  "ip": "172.18.0.9",
  "url": "/",
  "method": "POST"
}

--------------------------------------------------------------

29-07-2024 11:11:24 [authentification_api] info: Login successful for email: jordan@solution-logique.fr
{
  "ip": "172.18.0.9",
  "url": "/",
  "method": "POST"
}

--------------------------------------------------------------

29-07-2024 11:11:28 [authentification_api] info: Login successful for email: jordan@solution-logique.fr
{
  "ip": "172.18.0.9",
  "url": "/",
  "method": "POST"
}

--------------------------------------------------------------

29-07-2024 11:11:49 [authentification_api] info: Login successful for email: jordan@solution-logique.fr
{
  "ip": "172.18.0.9",
  "url": "/",
  "method": "POST"
}

--------------------------------------------------------------

29-07-2024 11:17:02 [authentification_api] info: Login successful for email: jordan@solution-logique.fr
{
  "ip": "172.18.0.9",
  "url": "/",
  "method": "POST"
}

--------------------------------------------------------------

29-07-2024 11:19:14 [authentification_api] info: Login successful for email: jordan@solution-logique.fr
{
  "ip": "172.18.0.9",
  "url": "/",
  "method": "POST"
}

--------------------------------------------------------------

29-07-2024 13:45:04 [authentification_api] info: Login successful for email: jordan@solution-logique.fr
{
  "ip": "172.18.0.9",
  "url": "/",
  "method": "POST"
}

--------------------------------------------------------------

29-07-2024 13:45:15 [authentification_api] info: Login successful for email: jordan@solution-logique.fr
{
  "ip": "172.18.0.9",
  "url": "/",
  "method": "POST"
}

--------------------------------------------------------------

29-07-2024 13:45:18 [authentification_api] info: Login successful for email: jordan@solution-logique.fr
{
  "ip": "172.18.0.9",
  "url": "/",
  "method": "POST"
}

--------------------------------------------------------------

29-07-2024 13:45:24 [authentification_api] info: Login successful for email: jordan@solution-logique.fr
{
  "ip": "172.18.0.9",
  "url": "/",
  "method": "POST"
}

--------------------------------------------------------------

29-07-2024 14:01:14 [authentification_api] info: Login successful for email: jordan@solution-logique.fr
{
  "ip": "172.18.0.9",
  "url": "/",
  "method": "POST"
}

--------------------------------------------------------------

29-07-2024 14:03:31 [authentification_api] info: Login successful for email: jordan@solution-logique.fr
{
  "ip": "172.18.0.9",
  "url": "/",
  "method": "POST"
}

--------------------------------------------------------------

29-07-2024 14:09:07 [authentification_api] info: Login successful for email: jordan@solution-logique.fr
{
  "ip": "172.18.0.9",
  "url": "/",
  "method": "POST"
}

--------------------------------------------------------------

29-07-2024 14:14:05 [authentification_api] info: Login successful for email: jordan@solution-logique.fr
{
  "ip": "172.18.0.9",
  "url": "/",
  "method": "POST"
}

--------------------------------------------------------------

29-07-2024 14:17:51 [authentification_api] info: Login successful for email: jordan@solution-logique.fr
{
  "ip": "172.18.0.9",
  "url": "/",
  "method": "POST"
}

--------------------------------------------------------------

29-07-2024 14:18:15 [authentification_api] info: Login successful for email: jordan@solution-logique.fr
{
  "ip": "172.18.0.9",
  "url": "/",
  "method": "POST"
}

--------------------------------------------------------------

29-07-2024 14:19:26 [authentification_api] info: Login successful for email: jordan@solution-logique.fr
{
  "ip": "172.18.0.9",
  "url": "/",
  "method": "POST"
}

--------------------------------------------------------------

29-07-2024 14:19:56 [authentification_api] info: Login successful for email: jordan@solution-logique.fr
{
  "ip": "172.18.0.9",
  "url": "/",
  "method": "POST"
}

--------------------------------------------------------------

29-07-2024 14:20:33 [authentification_api] info: Login successful for email: jordan@solution-logique.fr
{
  "ip": "172.18.0.9",
  "url": "/",
  "method": "POST"
}

--------------------------------------------------------------

29-07-2024 14:20:43 [authentification_api] info: Login successful for email: jordan@solution-logique.fr
{
  "ip": "172.18.0.9",
  "url": "/",
  "method": "POST"
}

--------------------------------------------------------------

29-07-2024 14:21:22 [authentification_api] info: Login successful for email: jordan@solution-logique.fr
{
  "ip": "172.18.0.9",
  "url": "/",
  "method": "POST"
}

--------------------------------------------------------------

29-07-2024 14:37:50 [authentification_api] info: Login successful for email: jordan@solution-logique.fr
{
  "ip": "172.18.0.9",
  "url": "/",
  "method": "POST"
}

--------------------------------------------------------------

29-07-2024 14:46:17 [authentification_api] info: Login successful for email: jordan@solution-logique.fr
{
  "ip": "172.18.0.9",
  "url": "/",
  "method": "POST"
}

--------------------------------------------------------------

29-07-2024 14:58:47 [authentification_api] info: Login successful for email: jordan@solution-logique.fr
{
  "ip": "172.18.0.9",
  "url": "/",
  "method": "POST"
}

--------------------------------------------------------------

29-07-2024 15:06:03 [authentification_api] info: Login successful for email: jordan@solution-logique.fr
{
  "ip": "172.18.0.9",
  "url": "/",
  "method": "POST"
}

--------------------------------------------------------------

29-07-2024 15:06:57 [authentification_api] info: Login successful for email: jordan@solution-logique.fr
{
  "ip": "172.18.0.9",
  "url": "/",
  "method": "POST"
}

--------------------------------------------------------------

