24-07-2024 06:53:53 [authentification_api] info: Login successful for email: jordan@solution-logique.fr
{
  "ip": "172.18.0.1",
  "url": "/login",
  "method": "POST"
}

--------------------------------------------------------------

24-07-2024 06:55:58 [authentification_api] info: Login successful for email: jordan@solution-logique.fr
{
  "ip": "172.18.0.1",
  "url": "/login",
  "method": "POST"
}

--------------------------------------------------------------

24-07-2024 06:56:02 [authentification_api] error: Invalid credentials
Error: Invalid credentials
    at login (/app/src/controller/auth_controller.ts:16:18)
    at process.processTicksAndRejections (node:internal/process/task_queues:95:5)
{
  "url": "/login",
  "method": "POST",
  "ip": "172.18.0.1",
  "email": "jordan@solution-logique.frkk"
}

--------------------------------------------------------------

24-07-2024 06:58:31 [authentification_api] info: Login successful for email: jordan@solution-logique.fr
{
  "ip": "172.18.0.1",
  "url": "/login",
  "method": "POST"
}

--------------------------------------------------------------

24-07-2024 07:03:15 [authentification_api] info: Login successful for email: jordan@solution-logique.fr
{
  "ip": "172.18.0.1",
  "url": "/login",
  "method": "POST"
}

--------------------------------------------------------------

24-07-2024 07:06:07 [authentification_api] info: Login successful for email: jordan@solution-logique.fr
{
  "ip": "172.18.0.1",
  "url": "/login",
  "method": "POST"
}

--------------------------------------------------------------

24-07-2024 07:12:40 [authentification_api] info: Login successful for email: jordan@solution-logique.fr
{
  "ip": "172.18.0.1",
  "url": "/login",
  "method": "POST"
}

--------------------------------------------------------------

24-07-2024 07:13:30 [authentification_api] info: Login successful for email: jordan@solution-logique.fr
{
  "ip": "172.18.0.1",
  "url": "/login",
  "method": "POST"
}

--------------------------------------------------------------

24-07-2024 07:41:47 [authentification_api] info: Login successful for email: jordan@solution-logique.fr
{
  "ip": "172.18.0.1",
  "url": "/login",
  "method": "POST"
}

--------------------------------------------------------------

24-07-2024 07:42:27 [authentification_api] info: Login successful for email: jordan@solution-logique.fr
{
  "ip": "172.18.0.1",
  "url": "/login",
  "method": "POST"
}

--------------------------------------------------------------

24-07-2024 07:45:01 [authentification_api] info: Login successful for email: jordan@solution-logique.fr
{
  "ip": "172.18.0.1",
  "url": "/login",
  "method": "POST"
}

--------------------------------------------------------------

24-07-2024 07:48:44 [authentification_api] info: Login successful for email: jordan@solution-logique.fr
{
  "ip": "172.18.0.1",
  "url": "/login",
  "method": "POST"
}

--------------------------------------------------------------

24-07-2024 07:50:09 [authentification_api] info: Login successful for email: jordan@solution-logique.fr
{
  "ip": "172.18.0.1",
  "url": "/login",
  "method": "POST"
}

--------------------------------------------------------------

24-07-2024 07:51:14 [authentification_api] info: Login successful for email: jordan@solution-logique.fr
{
  "ip": "172.18.0.1",
  "url": "/login",
  "method": "POST"
}

--------------------------------------------------------------

24-07-2024 07:52:08 [authentification_api] info: Login successful for email: jordan@solution-logique.fr
{
  "ip": "172.18.0.1",
  "url": "/login",
  "method": "POST"
}

--------------------------------------------------------------

24-07-2024 07:59:53 [authentification_api] info: Login successful for email: jordan@solution-logique.fr
{
  "ip": "172.18.0.1",
  "url": "/login",
  "method": "POST"
}

--------------------------------------------------------------

24-07-2024 08:03:07 [authentification_api] info: Login successful for email: jordan@solution-logique.fr
{
  "ip": "172.18.0.1",
  "url": "/login",
  "method": "POST"
}

--------------------------------------------------------------

24-07-2024 08:05:40 [authentification_api] info: Login successful for email: jordan@solution-logique.fr
{
  "ip": "172.18.0.1",
  "url": "/login",
  "method": "POST"
}

--------------------------------------------------------------

24-07-2024 08:10:16 [authentification_api] info: Login successful for email: jordan@solution-logique.fr
{
  "ip": "172.18.0.1",
  "url": "/login",
  "method": "POST"
}

--------------------------------------------------------------

24-07-2024 08:16:37 [authentification_api] info: Login successful for email: jordan@solution-logique.fr
{
  "ip": "172.18.0.1",
  "url": "/login",
  "method": "POST"
}

--------------------------------------------------------------

24-07-2024 08:31:03 [authentification_api] info: Login successful for email: jordan@solution-logique.fr
{
  "ip": "172.18.0.1",
  "url": "/login",
  "method": "POST"
}

--------------------------------------------------------------

24-07-2024 08:32:47 [authentification_api] info: Login successful for email: jordan@solution-logique.fr
{
  "ip": "172.18.0.1",
  "url": "/login",
  "method": "POST"
}

--------------------------------------------------------------

24-07-2024 08:35:28 [authentification_api] info: Login successful for email: jordan@solution-logique.fr
{
  "ip": "172.18.0.1",
  "url": "/login",
  "method": "POST"
}

--------------------------------------------------------------

24-07-2024 08:42:27 [authentification_api] info: Login successful for email: jordan@solution-logique.fr
{
  "ip": "172.18.0.1",
  "url": "/login",
  "method": "POST"
}

--------------------------------------------------------------

24-07-2024 09:03:53 [authentification_api] info: Login successful for email: jordan@solution-logique.fr
{
  "ip": "172.18.0.1",
  "url": "/login",
  "method": "POST"
}

--------------------------------------------------------------

24-07-2024 09:10:54 [authentification_api] info: Login successful for email: jordan@solution-logique.fr
{
  "ip": "172.18.0.1",
  "url": "/login",
  "method": "POST"
}

--------------------------------------------------------------

24-07-2024 09:17:22 [authentification_api] info: Login successful for email: jordan@solution-logique.fr
{
  "ip": "172.18.0.1",
  "url": "/login",
  "method": "POST"
}

--------------------------------------------------------------

24-07-2024 09:17:22 [authentification_api] info: Login successful for email: jordan@solution-logique.fr
{
  "ip": "172.18.0.1",
  "url": "/login",
  "method": "POST"
}

--------------------------------------------------------------

24-07-2024 09:20:06 [authentification_api] info: Login successful for email: jordan@solution-logique.fr
{
  "ip": "172.18.0.1",
  "url": "/login",
  "method": "POST"
}

--------------------------------------------------------------

24-07-2024 09:24:52 [authentification_api] info: Login successful for email: jordan@solution-logique.fr
{
  "ip": "172.19.0.1",
  "url": "/login",
  "method": "POST"
}

--------------------------------------------------------------

24-07-2024 09:30:00 [authentification_api] info: Login successful for email: jordan@solution-logique.fr
{
  "ip": "172.18.0.1",
  "url": "/login",
  "method": "POST"
}

--------------------------------------------------------------

24-07-2024 09:39:01 [authentification_api] info: Login successful for email: jordan@solution-logique.fr
{
  "ip": "172.18.0.1",
  "url": "/login",
  "method": "POST"
}

--------------------------------------------------------------

24-07-2024 09:44:51 [authentification_api] info: Login successful for email: jordan@solution-logique.fr
{
  "ip": "172.18.0.1",
  "url": "/login",
  "method": "POST"
}

--------------------------------------------------------------

24-07-2024 09:56:23 [authentification_api] info: Login successful for email: jordan@solution-logique.fr
{
  "ip": "172.18.0.1",
  "url": "/login",
  "method": "POST"
}

--------------------------------------------------------------

24-07-2024 10:05:05 [authentification_api] info: Login successful for email: jordan@solution-logique.fr
{
  "ip": "172.18.0.1",
  "url": "/login",
  "method": "POST"
}

--------------------------------------------------------------

24-07-2024 10:06:41 [authentification_api] info: Login successful for email: jordan@solution-logique.fr
{
  "ip": "172.18.0.1",
  "url": "/login",
  "method": "POST"
}

--------------------------------------------------------------

24-07-2024 11:28:44 [authentification_api] info: Login successful for email: jordan@solution-logique.fr
{
  "ip": "172.19.0.1",
  "url": "/login",
  "method": "POST"
}

--------------------------------------------------------------

