25-07-2024 07:06:31 [authentification_api] info: Login successful for email: jordan@solution-logique.fr
{
  "ip": "172.18.0.1",
  "url": "/login",
  "method": "POST"
}

--------------------------------------------------------------

25-07-2024 07:08:14 [authentification_api] info: Login successful for email: jordan@solution-logique.fr
{
  "ip": "172.18.0.1",
  "url": "/login",
  "method": "POST"
}

--------------------------------------------------------------

25-07-2024 07:15:00 [authentification_api] info: Login successful for email: jordan@solution-logique.fr
{
  "ip": "172.18.0.1",
  "url": "/login",
  "method": "POST"
}

--------------------------------------------------------------

25-07-2024 07:16:39 [authentification_api] info: Login successful for email: jordan@solution-logique.fr
{
  "ip": "172.18.0.1",
  "url": "/login",
  "method": "POST"
}

--------------------------------------------------------------

25-07-2024 07:21:36 [authentification_api] info: Login successful for email: jordan@solution-logique.fr
{
  "ip": "172.18.0.1",
  "url": "/login",
  "method": "POST"
}

--------------------------------------------------------------

25-07-2024 07:29:51 [authentification_api] info: Login successful for email: jordan@solution-logique.fr
{
  "ip": "172.18.0.1",
  "url": "/login",
  "method": "POST"
}

--------------------------------------------------------------

25-07-2024 08:12:03 [authentification_api] info: Login successful for email: jordan@solution-logique.fr
{
  "ip": "172.18.0.1",
  "url": "/login",
  "method": "POST"
}

--------------------------------------------------------------

25-07-2024 08:15:36 [authentification_api] info: Login successful for email: jordan@solution-logique.fr
{
  "ip": "172.18.0.1",
  "url": "/login",
  "method": "POST"
}

--------------------------------------------------------------

25-07-2024 08:25:09 [authentification_api] info: Login successful for email: jordan@solution-logique.fr
{
  "ip": "172.18.0.1",
  "url": "/login",
  "method": "POST"
}

--------------------------------------------------------------

25-07-2024 08:27:26 [authentification_api] info: Login successful for email: jordan@solution-logique.fr
{
  "ip": "172.18.0.1",
  "url": "/login",
  "method": "POST"
}

--------------------------------------------------------------

25-07-2024 08:27:38 [authentification_api] info: Login successful for email: jordan@solution-logique.fr
{
  "ip": "172.18.0.1",
  "url": "/login",
  "method": "POST"
}

--------------------------------------------------------------

25-07-2024 08:27:45 [authentification_api] info: Login successful for email: jordan@solution-logique.fr
{
  "ip": "172.18.0.1",
  "url": "/login",
  "method": "POST"
}

--------------------------------------------------------------

25-07-2024 08:35:00 [authentification_api] info: Login successful for email: jordan@solution-logique.fr
{
  "ip": "172.18.0.1",
  "url": "/login",
  "method": "POST"
}

--------------------------------------------------------------

25-07-2024 08:35:24 [authentification_api] info: Login successful for email: jordan@solution-logique.fr
{
  "ip": "172.18.0.1",
  "url": "/login",
  "method": "POST"
}

--------------------------------------------------------------

25-07-2024 08:35:29 [authentification_api] info: Login successful for email: jordan@solution-logique.fr
{
  "ip": "172.18.0.1",
  "url": "/login",
  "method": "POST"
}

--------------------------------------------------------------

25-07-2024 08:37:20 [authentification_api] info: Login successful for email: jordan@solution-logique.fr
{
  "ip": "172.18.0.1",
  "url": "/login",
  "method": "POST"
}

--------------------------------------------------------------

25-07-2024 08:40:09 [authentification_api] info: Login successful for email: jordan@solution-logique.fr
{
  "ip": "172.18.0.1",
  "url": "/login",
  "method": "POST"
}

--------------------------------------------------------------

25-07-2024 08:40:59 [authentification_api] info: Login successful for email: jordan@solution-logique.fr
{
  "ip": "172.18.0.1",
  "url": "/login",
  "method": "POST"
}

--------------------------------------------------------------

25-07-2024 08:43:41 [authentification_api] info: Login successful for email: jordan@solution-logique.fr
{
  "ip": "172.18.0.1",
  "url": "/login",
  "method": "POST"
}

--------------------------------------------------------------

25-07-2024 08:43:48 [authentification_api] info: Login successful for email: jordan@solution-logique.fr
{
  "ip": "172.18.0.1",
  "url": "/login",
  "method": "POST"
}

--------------------------------------------------------------

25-07-2024 08:43:53 [authentification_api] info: Login successful for email: jordan@solution-logique.fr
{
  "ip": "172.18.0.1",
  "url": "/login",
  "method": "POST"
}

--------------------------------------------------------------

25-07-2024 08:46:10 [authentification_api] info: Login successful for email: jordan@solution-logique.fr
{
  "ip": "172.18.0.1",
  "url": "/login",
  "method": "POST"
}

--------------------------------------------------------------

25-07-2024 08:58:13 [authentification_api] info: Login successful for email: jordan@solution-logique.fr
{
  "ip": "172.18.0.1",
  "url": "/login",
  "method": "POST"
}

--------------------------------------------------------------

25-07-2024 08:59:11 [authentification_api] info: Login successful for email: jordan@solution-logique.fr
{
  "ip": "172.18.0.1",
  "url": "/login",
  "method": "POST"
}

--------------------------------------------------------------

25-07-2024 08:59:37 [authentification_api] info: Login successful for email: jordan@solution-logique.fr
{
  "ip": "172.18.0.1",
  "url": "/login",
  "method": "POST"
}

--------------------------------------------------------------

25-07-2024 09:04:46 [authentification_api] info: Login successful for email: jordan@solution-logique.fr
{
  "ip": "172.18.0.1",
  "url": "/login",
  "method": "POST"
}

--------------------------------------------------------------

25-07-2024 09:04:46 [authentification_api] info: Login successful for email: jordan@solution-logique.fr
{
  "ip": "172.18.0.1",
  "url": "/login",
  "method": "POST"
}

--------------------------------------------------------------

25-07-2024 09:05:33 [authentification_api] info: Login successful for email: jordan@solution-logique.fr
{
  "ip": "172.18.0.1",
  "url": "/login",
  "method": "POST"
}

--------------------------------------------------------------

25-07-2024 09:09:15 [authentification_api] info: Login successful for email: jordan@solution-logique.fr
{
  "ip": "172.18.0.1",
  "url": "/login",
  "method": "POST"
}

--------------------------------------------------------------

25-07-2024 09:14:09 [authentification_api] info: Login successful for email: jordan@solution-logique.fr
{
  "ip": "172.18.0.1",
  "url": "/login",
  "method": "POST"
}

--------------------------------------------------------------

25-07-2024 09:17:13 [authentification_api] info: Login successful for email: jordan@solution-logique.fr
{
  "ip": "172.18.0.1",
  "url": "/login",
  "method": "POST"
}

--------------------------------------------------------------

25-07-2024 09:19:26 [authentification_api] info: Login successful for email: jordan@solution-logique.fr
{
  "ip": "172.18.0.1",
  "url": "/login",
  "method": "POST"
}

--------------------------------------------------------------

25-07-2024 09:21:51 [authentification_api] info: Login successful for email: jordan@solution-logique.fr
{
  "ip": "172.18.0.1",
  "url": "/login",
  "method": "POST"
}

--------------------------------------------------------------

25-07-2024 09:24:35 [authentification_api] info: Login successful for email: jordan@solution-logique.fr
{
  "ip": "172.18.0.1",
  "url": "/login",
  "method": "POST"
}

--------------------------------------------------------------

25-07-2024 09:26:43 [authentification_api] info: Login successful for email: jordan@solution-logique.fr
{
  "ip": "172.18.0.1",
  "url": "/login",
  "method": "POST"
}

--------------------------------------------------------------

25-07-2024 09:28:27 [authentification_api] info: Login successful for email: jordan@solution-logique.fr
{
  "ip": "172.18.0.1",
  "url": "/login",
  "method": "POST"
}

--------------------------------------------------------------

25-07-2024 09:32:36 [authentification_api] info: Login successful for email: jordan@solution-logique.fr
{
  "ip": "172.18.0.1",
  "url": "/login",
  "method": "POST"
}

--------------------------------------------------------------

25-07-2024 09:42:09 [authentification_api] info: Login successful for email: jordan@solution-logique.fr
{
  "ip": "172.18.0.1",
  "url": "/login",
  "method": "POST"
}

--------------------------------------------------------------

25-07-2024 09:46:04 [authentification_api] info: Login successful for email: jordan@solution-logique.fr
{
  "ip": "172.18.0.1",
  "url": "/login",
  "method": "POST"
}

--------------------------------------------------------------

25-07-2024 09:53:37 [authentification_api] info: Login successful for email: jordan@solution-logique.fr
{
  "ip": "172.18.0.1",
  "url": "/login",
  "method": "POST"
}

--------------------------------------------------------------

25-07-2024 09:57:58 [authentification_api] info: Login successful for email: jordan@solution-logique.fr
{
  "ip": "172.18.0.1",
  "url": "/login",
  "method": "POST"
}

--------------------------------------------------------------

25-07-2024 11:19:12 [authentification_api] info: Login successful for email: jordan@solution-logique.fr
{
  "ip": "172.18.0.1",
  "url": "/login",
  "method": "POST"
}

--------------------------------------------------------------

25-07-2024 11:30:29 [authentification_api] info: Login successful for email: jordan@solution-logique.fr
{
  "ip": "172.18.0.1",
  "url": "/login",
  "method": "POST"
}

--------------------------------------------------------------

25-07-2024 11:37:35 [authentification_api] info: Login successful for email: jordan@solution-logique.fr
{
  "ip": "172.18.0.1",
  "url": "/login",
  "method": "POST"
}

--------------------------------------------------------------

25-07-2024 11:52:56 [authentification_api] info: Login successful for email: jordan@solution-logique.fr
{
  "ip": "172.18.0.1",
  "url": "/login",
  "method": "POST"
}

--------------------------------------------------------------

25-07-2024 11:53:22 [authentification_api] info: Login successful for email: jordan@solution-logique.fr
{
  "ip": "172.18.0.1",
  "url": "/login",
  "method": "POST"
}

--------------------------------------------------------------

25-07-2024 11:59:09 [authentification_api] info: Login successful for email: jordan@solution-logique.fr
{
  "ip": "172.18.0.1",
  "url": "/login",
  "method": "POST"
}

--------------------------------------------------------------

25-07-2024 12:17:48 [authentification_api] info: Login successful for email: jordan@solution-logique.fr
{
  "ip": "172.18.0.1",
  "url": "/login",
  "method": "POST"
}

--------------------------------------------------------------

25-07-2024 12:23:16 [authentification_api] info: Login successful for email: jordan@solution-logique.fr
{
  "ip": "172.18.0.1",
  "url": "/login",
  "method": "POST"
}

--------------------------------------------------------------

25-07-2024 12:34:21 [authentification_api] info: Login successful for email: jordan@solution-logique.fr
{
  "ip": "172.18.0.1",
  "url": "/login",
  "method": "POST"
}

--------------------------------------------------------------

25-07-2024 12:47:32 [authentification_api] info: Login successful for email: jordan@solution-logique.fr
{
  "ip": "172.18.0.1",
  "url": "/login",
  "method": "POST"
}

--------------------------------------------------------------

25-07-2024 13:04:58 [authentification_api] info: Login successful for email: jordan@solution-logique.fr
{
  "ip": "172.18.0.1",
  "url": "/login",
  "method": "POST"
}

--------------------------------------------------------------

25-07-2024 13:10:52 [authentification_api] info: Login successful for email: jordan@solution-logique.fr
{
  "ip": "172.18.0.1",
  "url": "/login",
  "method": "POST"
}

--------------------------------------------------------------

25-07-2024 13:20:00 [authentification_api] info: Login successful for email: jordan@solution-logique.fr
{
  "ip": "172.18.0.1",
  "url": "/login",
  "method": "POST"
}

--------------------------------------------------------------

25-07-2024 13:27:04 [authentification_api] info: Login successful for email: jordan@solution-logique.fr
{
  "ip": "172.18.0.1",
  "url": "/login",
  "method": "POST"
}

--------------------------------------------------------------

25-07-2024 13:31:30 [authentification_api] info: Login successful for email: jordan@solution-logique.fr
{
  "ip": "172.18.0.1",
  "url": "/login",
  "method": "POST"
}

--------------------------------------------------------------

25-07-2024 13:36:42 [authentification_api] info: Login successful for email: jordan@solution-logique.fr
{
  "ip": "172.18.0.1",
  "url": "/login",
  "method": "POST"
}

--------------------------------------------------------------

25-07-2024 13:39:01 [authentification_api] info: Login successful for email: jordan@solution-logique.fr
{
  "ip": "172.18.0.1",
  "url": "/login",
  "method": "POST"
}

--------------------------------------------------------------

25-07-2024 13:39:50 [authentification_api] info: Login successful for email: jordan@solution-logique.fr
{
  "ip": "172.18.0.1",
  "url": "/login",
  "method": "POST"
}

--------------------------------------------------------------

25-07-2024 13:40:49 [authentification_api] info: Login successful for email: jordan@solution-logique.fr
{
  "ip": "172.18.0.1",
  "url": "/login",
  "method": "POST"
}

--------------------------------------------------------------

25-07-2024 13:41:10 [authentification_api] info: Login successful for email: jordan@solution-logique.fr
{
  "ip": "172.18.0.1",
  "url": "/login",
  "method": "POST"
}

--------------------------------------------------------------

25-07-2024 13:42:02 [authentification_api] info: Login successful for email: jordan@solution-logique.fr
{
  "ip": "172.18.0.1",
  "url": "/login",
  "method": "POST"
}

--------------------------------------------------------------

25-07-2024 13:42:52 [authentification_api] info: Login successful for email: jordan@solution-logique.fr
{
  "ip": "172.18.0.1",
  "url": "/login",
  "method": "POST"
}

--------------------------------------------------------------

25-07-2024 13:47:17 [authentification_api] info: Login successful for email: jordan@solution-logique.fr
{
  "ip": "172.18.0.1",
  "url": "/login",
  "method": "POST"
}

--------------------------------------------------------------

25-07-2024 13:47:31 [authentification_api] info: Login successful for email: jordan@solution-logique.fr
{
  "ip": "172.18.0.1",
  "url": "/login",
  "method": "POST"
}

--------------------------------------------------------------

25-07-2024 13:50:24 [authentification_api] info: Login successful for email: jordan@solution-logique.fr
{
  "ip": "172.18.0.1",
  "url": "/login",
  "method": "POST"
}

--------------------------------------------------------------

25-07-2024 13:53:05 [authentification_api] info: Login successful for email: jordan@solution-logique.fr
{
  "ip": "172.18.0.1",
  "url": "/login",
  "method": "POST"
}

--------------------------------------------------------------

25-07-2024 13:54:16 [authentification_api] info: Login successful for email: jordan@solution-logique.fr
{
  "ip": "172.18.0.1",
  "url": "/login",
  "method": "POST"
}

--------------------------------------------------------------

25-07-2024 13:57:55 [authentification_api] info: Login successful for email: jordan@solution-logique.fr
{
  "ip": "172.18.0.1",
  "url": "/login",
  "method": "POST"
}

--------------------------------------------------------------

25-07-2024 13:58:01 [authentification_api] info: Login successful for email: jordan@solution-logique.fr
{
  "ip": "172.18.0.1",
  "url": "/login",
  "method": "POST"
}

--------------------------------------------------------------

25-07-2024 13:59:02 [authentification_api] info: Login successful for email: jordan@solution-logique.fr
{
  "ip": "172.18.0.1",
  "url": "/login",
  "method": "POST"
}

--------------------------------------------------------------

25-07-2024 13:59:53 [authentification_api] info: Login successful for email: jordan@solution-logique.fr
{
  "ip": "172.18.0.1",
  "url": "/login",
  "method": "POST"
}

--------------------------------------------------------------

25-07-2024 14:02:56 [authentification_api] info: Login successful for email: jordan@solution-logique.fr
{
  "ip": "172.18.0.1",
  "url": "/login",
  "method": "POST"
}

--------------------------------------------------------------

25-07-2024 14:06:49 [authentification_api] info: Login successful for email: jordan@solution-logique.fr
{
  "ip": "172.18.0.1",
  "url": "/login",
  "method": "POST"
}

--------------------------------------------------------------

25-07-2024 14:13:41 [authentification_api] info: Login successful for email: jordan@solution-logique.fr
{
  "ip": "172.18.0.1",
  "url": "/login",
  "method": "POST"
}

--------------------------------------------------------------

