02-08-2024 08:10:36 [authentification_api] error: secretOrPrivateKey must have a value
Error: secretOrPrivateKey must have a value
    at module.exports [as sign] (/app/node_modules/jsonwebtoken/sign.js:111:20)
    at login (/app/src/controller/auth_controller.ts:21:31)
{
  "url": "/",
  "method": "POST",
  "ip": "172.18.0.9",
  "email": "jordan@solution-logique.fr"
}

--------------------------------------------------------------

02-08-2024 08:10:36 [authentification_api] error: Error during login: secretOrPrivateKey must have a value
Error: Error during login: secretOrPrivateKey must have a value
    at login (/app/src/controller/auth_controller.ts:52:12)
{
  "url": "/",
  "method": "POST",
  "ip": "172.18.0.9"
}

--------------------------------------------------------------

02-08-2024 08:11:59 [authentification_api] info: Login successful for email: jordan@solution-logique.fr
{
  "ip": "172.18.0.9",
  "url": "/",
  "method": "POST"
}

--------------------------------------------------------------

02-08-2024 08:30:32 [authentification_api] info: Login successful for email: jordan@solution-logique.fr
{
  "ip": "172.18.0.9",
  "url": "/",
  "method": "POST"
}

--------------------------------------------------------------

02-08-2024 08:38:54 [authentification_api] info: Login successful for email: jordan@solution-logique.fr
{
  "ip": "172.18.0.9",
  "url": "/",
  "method": "POST"
}

--------------------------------------------------------------

02-08-2024 09:08:03 [authentification_api] info: Login successful for email: jordan@solution-logique.fr
{
  "ip": "172.18.0.9",
  "url": "/",
  "method": "POST"
}

--------------------------------------------------------------

02-08-2024 09:14:04 [authentification_api] info: Login successful for email: jordan@solution-logique.fr
{
  "ip": "172.18.0.9",
  "url": "/",
  "method": "POST"
}

--------------------------------------------------------------

02-08-2024 09:37:51 [authentification_api] info: Login successful for email: jordan@solution-logique.fr
{
  "ip": "172.18.0.9",
  "url": "/",
  "method": "POST"
}

--------------------------------------------------------------

02-08-2024 09:46:44 [authentification_api] info: Login successful for email: jordan@solution-logique.fr
{
  "ip": "172.18.0.9",
  "url": "/",
  "method": "POST"
}

--------------------------------------------------------------

02-08-2024 09:55:54 [authentification_api] info: Login successful for email: jordan@solution-logique.fr
{
  "ip": "172.18.0.9",
  "url": "/",
  "method": "POST"
}

--------------------------------------------------------------

02-08-2024 09:58:35 [authentification_api] info: Login successful for email: jordan@solution-logique.fr
{
  "ip": "172.18.0.9",
  "url": "/",
  "method": "POST"
}

--------------------------------------------------------------

02-08-2024 11:22:59 [authentification_api] info: Login successful for email: jordan@solution-logique.fr
{
  "ip": "172.18.0.9",
  "url": "/",
  "method": "POST"
}

--------------------------------------------------------------

02-08-2024 11:39:13 [authentification_api] info: Login successful for email: jordan@solution-logique.fr
{
  "ip": "172.18.0.9",
  "url": "/",
  "method": "POST"
}

--------------------------------------------------------------

02-08-2024 11:40:05 [authentification_api] info: Login successful for email: jordan@solution-logique.fr
{
  "ip": "172.18.0.9",
  "url": "/",
  "method": "POST"
}

--------------------------------------------------------------

02-08-2024 11:41:44 [authentification_api] info: Login successful for email: jordan@solution-logique.fr
{
  "ip": "172.18.0.9",
  "url": "/",
  "method": "POST"
}

--------------------------------------------------------------

02-08-2024 11:42:02 [authentification_api] info: Login successful for email: jordan@solution-logique.fr
{
  "ip": "172.18.0.9",
  "url": "/",
  "method": "POST"
}

--------------------------------------------------------------

02-08-2024 11:53:54 [authentification_api] info: Login successful for email: jordan@solution-logique.fr
{
  "ip": "172.18.0.9",
  "url": "/",
  "method": "POST"
}

--------------------------------------------------------------

02-08-2024 11:56:42 [authentification_api] info: Login successful for email: jordan@solution-logique.fr
{
  "ip": "172.18.0.9",
  "url": "/",
  "method": "POST"
}

--------------------------------------------------------------

