2024-08-02 08:10:37 [logger_api] jordan@solution-logique.fr error: Error logging in
Error: Error logging in
    at ?anon_0_ (http://jgf97hy-anonymous-8081.exp.direct/node_modules%5Cexpo-router%5Centry.bundle//&platform=android&dev=true&hot=false&lazy=true&transform.engine=hermes&transform.bytecode=true&transform.routerRoot=app:233256:28)
    at next (native)
    at asyncGeneratorStep (http://jgf97hy-anonymous-8081.exp.direct/node_modules%5Cexpo-router%5Centry.bundle//&platform=android&dev=true&hot=false&lazy=true&transform.engine=hermes&transform.bytecode=true&transform.routerRoot=app:5844:19)
    at _next (http://jgf97hy-anonymous-8081.exp.direct/node_modules%5Cexpo-router%5Centry.bundle//&platform=android&dev=true&hot=false&lazy=true&transform.engine=hermes&transform.bytecode=true&transform.routerRoot=app:5858:29)
    at tryCallOne (address at InternalBytecode.js:1:1180)
    at anonymous (address at InternalBytecode.js:1:1874)
    at apply (native)
    at anonymous (http://jgf97hy-anonymous-8081.exp.direct/node_modules%5Cexpo-router%5Centry.bundle//&platform=android&dev=true&hot=false&lazy=true&transform.engine=hermes&transform.bytecode=true&transform.routerRoot=app:14840:26)
    at _callTimer (http://jgf97hy-anonymous-8081.exp.direct/node_modules%5Cexpo-router%5Centry.bundle//&platform=android&dev=true&hot=false&lazy=true&transform.engine=hermes&transform.bytecode=true&transform.routerRoot=app:14719:17)
    at _callReactNativeMicrotasksPass (http://jgf97hy-anonymous-8081.exp.direct/node_modules%5Cexpo-router%5Centry.bundle//&platform=android&dev=true&hot=false&lazy=true&transform.engine=hermes&transform.bytecode=true&transform.routerRoot=app:14764:17)
    at callReactNativeMicrotasks (http://jgf97hy-anonymous-8081.exp.direct/node_modules%5Cexpo-router%5Centry.bundle//&platform=android&dev=true&hot=false&lazy=true&transform.engine=hermes&transform.bytecode=true&transform.routerRoot=app:14970:44)
    at __callReactNativeMicrotasks (http://jgf97hy-anonymous-8081.exp.direct/node_modules%5Cexpo-router%5Centry.bundle//&platform=android&dev=true&hot=false&lazy=true&transform.engine=hermes&transform.bytecode=true&transform.routerRoot=app:2637:48)
    at anonymous (http://jgf97hy-anonymous-8081.exp.direct/node_modules%5Cexpo-router%5Centry.bundle//&platform=android&dev=true&hot=false&lazy=true&transform.engine=hermes&transform.bytecode=true&transform.routerRoot=app:2410:45)
    at __guard (http://jgf97hy-anonymous-8081.exp.direct/node_modules%5Cexpo-router%5Centry.bundle//&platform=android&dev=true&hot=false&lazy=true&transform.engine=hermes&transform.bytecode=true&transform.routerRoot=app:2609:15)
    at flushedQueue (http://jgf97hy-anonymous-8081.exp.direct/node_modules%5Cexpo-router%5Centry.bundle//&platform=android&dev=true&hot=false&lazy=true&transform.engine=hermes&transform.bytecode=true&transform.routerRoot=app:2409:21)
    at invokeCallbackAndReturnFlushedQueue (http://jgf97hy-anonymous-8081.exp.direct/node_modules%5Cexpo-router%5Centry.bundle//&platform=android&dev=true&hot=false&lazy=true&transform.engine=hermes&transform.bytecode=true&transform.routerRoot=app:2403:33)
{
  "url": "No URL",
  "method": "No method",
  "ip": "::ffff:172.18.0.9"
}

------------------------------------------------------------------------------------------------

