2024-07-25 07:06:33 [logger_api] jordan@solution-logique.fr error: Test log message
Error: Test log message
    at ?anon_0_ (http://bjubt34-anonymous-8081.exp.direct/node_modules%5Cexpo-router%5Centry.bundle//&platform=android&dev=true&hot=false&lazy=true&transform.engine=hermes&transform.bytecode=true&transform.routerRoot=app:180565:37)
    at next (native)
    at asyncGeneratorStep (http://bjubt34-anonymous-8081.exp.direct/node_modules%5Cexpo-router%5Centry.bundle//&platform=android&dev=true&hot=false&lazy=true&transform.engine=hermes&transform.bytecode=true&transform.routerRoot=app:5844:19)
    at _next (http://bjubt34-anonymous-8081.exp.direct/node_modules%5Cexpo-router%5Centry.bundle//&platform=android&dev=true&hot=false&lazy=true&transform.engine=hermes&transform.bytecode=true&transform.routerRoot=app:5858:29)
    at anonymous (http://bjubt34-anonymous-8081.exp.direct/node_modules%5Cexpo-router%5Centry.bundle//&platform=android&dev=true&hot=false&lazy=true&transform.engine=hermes&transform.bytecode=true&transform.routerRoot=app:5863:14)
    at tryCallTwo (address at InternalBytecode.js:1:1222)
    at doResolve (address at InternalBytecode.js:1:2541)
    at Promise (address at InternalBytecode.js:1:1318)
    at anonymous (http://bjubt34-anonymous-8081.exp.direct/node_modules%5Cexpo-router%5Centry.bundle//&platform=android&dev=true&hot=false&lazy=true&transform.engine=hermes&transform.bytecode=true&transform.routerRoot=app:5855:25)
    at apply (native)
    at handleSendLog (http://bjubt34-anonymous-8081.exp.direct/node_modules%5Cexpo-router%5Centry.bundle//&platform=android&dev=true&hot=false&lazy=true&transform.engine=hermes&transform.bytecode=true&transform.routerRoot=app:180574:27)
    at _performTransitionSideEffects (http://bjubt34-anonymous-8081.exp.direct/node_modules%5Cexpo-router%5Centry.bundle//&platform=android&dev=true&hot=false&lazy=true&transform.engine=hermes&transform.bytecode=true&transform.routerRoot=app:93106:22)
    at _receiveSignal (http://bjubt34-anonymous-8081.exp.direct/node_modules%5Cexpo-router%5Centry.bundle//&platform=android&dev=true&hot=false&lazy=true&transform.engine=hermes&transform.bytecode=true&transform.routerRoot=app:93056:45)
    at onResponderRelease (http://bjubt34-anonymous-8081.exp.direct/node_modules%5Cexpo-router%5Centry.bundle//&platform=android&dev=true&hot=false&lazy=true&transform.engine=hermes&transform.bytecode=true&transform.routerRoot=app:92893:34)
    at apply (native)
    at invokeGuardedCallbackImpl (http://bjubt34-anonymous-8081.exp.direct/node_modules%5Cexpo-router%5Centry.bundle//&platform=android&dev=true&hot=false&lazy=true&transform.engine=hermes&transform.bytecode=true&transform.routerRoot=app:68859:23)
    at apply (native)
    at invokeGuardedCallback (http://bjubt34-anonymous-8081.exp.direct/node_modules%5Cexpo-router%5Centry.bundle//&platform=android&dev=true&hot=false&lazy=true&transform.engine=hermes&transform.bytecode=true&transform.routerRoot=app:68893:40)
    at apply (native)
    at invokeGuardedCallbackAndCatchFirstError (http://bjubt34-anonymous-8081.exp.direct/node_modules%5Cexpo-router%5Centry.bundle//&platform=android&dev=true&hot=false&lazy=true&transform.engine=hermes&transform.bytecode=true&transform.routerRoot=app:68907:36)
    at executeDispatch (http://bjubt34-anonymous-8081.exp.direct/node_modules%5Cexpo-router%5Centry.bundle//&platform=android&dev=true&hot=false&lazy=true&transform.engine=hermes&transform.bytecode=true&transform.routerRoot=app:68983:48)
    at executeDispatchesInOrder (http://bjubt34-anonymous-8081.exp.direct/node_modules%5Cexpo-router%5Centry.bundle//&platform=android&dev=true&hot=false&lazy=true&transform.engine=hermes&transform.bytecode=true&transform.routerRoot=app:69005:26)
    at executeDispatchesAndRelease (http://bjubt34-anonymous-8081.exp.direct/node_modules%5Cexpo-router%5Centry.bundle//&platform=android&dev=true&hot=false&lazy=true&transform.engine=hermes&transform.bytecode=true&transform.routerRoot=app:70678:35)
    at executeDispatchesAndReleaseTopLevel (http://bjubt34-anonymous-8081.exp.direct/node_modules%5Cexpo-router%5Centry.bundle//&platform=android&dev=true&hot=false&lazy=true&transform.engine=hermes&transform.bytecode=true&transform.routerRoot=app:70686:43)
    at forEach (native)
    at forEachAccumulated (http://bjubt34-anonymous-8081.exp.direct/node_modules%5Cexpo-router%5Centry.bundle//&platform=android&dev=true&hot=false&lazy=true&transform.engine=hermes&transform.bytecode=true&transform.routerRoot=app:69608:22)
    at runEventsInBatch (http://bjubt34-anonymous-8081.exp.direct/node_modules%5Cexpo-router%5Centry.bundle//&platform=android&dev=true&hot=false&lazy=true&transform.engine=hermes&transform.bytecode=true&transform.routerRoot=app:70699:27)
    at runExtractedPluginEventsInBatch (http://bjubt34-anonymous-8081.exp.direct/node_modules%5Cexpo-router%5Centry.bundle//&platform=android&dev=true&hot=false&lazy=true&transform.engine=hermes&transform.bytecode=true&transform.routerRoot=app:70810:25)
    at anonymous (http://bjubt34-anonymous-8081.exp.direct/node_modules%5Cexpo-router%5Centry.bundle//&platform=android&dev=true&hot=false&lazy=true&transform.engine=hermes&transform.bytecode=true&transform.routerRoot=app:70781:42)
    at batchedUpdates (http://bjubt34-anonymous-8081.exp.direct/node_modules%5Cexpo-router%5Centry.bundle//&platform=android&dev=true&hot=false&lazy=true&transform.engine=hermes&transform.bytecode=true&transform.routerRoot=app:86395:20)
    at batchedUpdates$1 (http://bjubt34-anonymous-8081.exp.direct/node_modules%5Cexpo-router%5Centry.bundle//&platform=android&dev=true&hot=false&lazy=true&transform.engine=hermes&transform.bytecode=true&transform.routerRoot=app:70654:36)
    at _receiveRootNodeIDEvent (http://bjubt34-anonymous-8081.exp.direct/node_modules%5Cexpo-router%5Centry.bundle//&platform=android&dev=true&hot=false&lazy=true&transform.engine=hermes&transform.bytecode=true&transform.routerRoot=app:70780:25)
    at receiveTouches (http://bjubt34-anonymous-8081.exp.direct/node_modules%5Cexpo-router%5Centry.bundle//&platform=android&dev=true&hot=false&lazy=true&transform.engine=hermes&transform.bytecode=true&transform.routerRoot=app:70869:34)
    at apply (native)
    at __callFunction (http://bjubt34-anonymous-8081.exp.direct/node_modules%5Cexpo-router%5Centry.bundle//&platform=android&dev=true&hot=false&lazy=true&transform.engine=hermes&transform.bytecode=true&transform.routerRoot=app:2676:38)
    at anonymous (http://bjubt34-anonymous-8081.exp.direct/node_modules%5Cexpo-router%5Centry.bundle//&platform=android&dev=true&hot=false&lazy=true&transform.engine=hermes&transform.bytecode=true&transform.routerRoot=app:2392:31)
    at __guard (http://bjubt34-anonymous-8081.exp.direct/node_modules%5Cexpo-router%5Centry.bundle//&platform=android&dev=true&hot=false&lazy=true&transform.engine=hermes&transform.bytecode=true&transform.routerRoot=app:2609:15)
    at callFunctionReturnFlushedQueue (http://bjubt34-anonymous-8081.exp.direct/node_modules%5Cexpo-router%5Centry.bundle//&platform=android&dev=true&hot=false&lazy=true&transform.engine=hermes&transform.bytecode=true&transform.routerRoot=app:2391:21)
{
  "url": "No URL",
  "method": "No method",
  "ip": "::ffff:172.18.0.8"
}

------------------------------------------------------------------------------------------------

2024-07-25 07:15:11 [logger_api] jordan@solution-logique.fr error: Test log message
Error: Test log message
    at ?anon_0_ (http://bjubt34-anonymous-8081.exp.direct/node_modules%5Cexpo-router%5Centry.bundle//&platform=android&dev=true&hot=false&lazy=true&transform.engine=hermes&transform.bytecode=true&transform.routerRoot=app:180565:37)
    at next (native)
    at asyncGeneratorStep (http://bjubt34-anonymous-8081.exp.direct/node_modules%5Cexpo-router%5Centry.bundle//&platform=android&dev=true&hot=false&lazy=true&transform.engine=hermes&transform.bytecode=true&transform.routerRoot=app:5844:19)
    at _next (http://bjubt34-anonymous-8081.exp.direct/node_modules%5Cexpo-router%5Centry.bundle//&platform=android&dev=true&hot=false&lazy=true&transform.engine=hermes&transform.bytecode=true&transform.routerRoot=app:5858:29)
    at anonymous (http://bjubt34-anonymous-8081.exp.direct/node_modules%5Cexpo-router%5Centry.bundle//&platform=android&dev=true&hot=false&lazy=true&transform.engine=hermes&transform.bytecode=true&transform.routerRoot=app:5863:14)
    at tryCallTwo (address at InternalBytecode.js:1:1222)
    at doResolve (address at InternalBytecode.js:1:2541)
    at Promise (address at InternalBytecode.js:1:1318)
    at anonymous (http://bjubt34-anonymous-8081.exp.direct/node_modules%5Cexpo-router%5Centry.bundle//&platform=android&dev=true&hot=false&lazy=true&transform.engine=hermes&transform.bytecode=true&transform.routerRoot=app:5855:25)
    at apply (native)
    at handleSendLog (http://bjubt34-anonymous-8081.exp.direct/node_modules%5Cexpo-router%5Centry.bundle//&platform=android&dev=true&hot=false&lazy=true&transform.engine=hermes&transform.bytecode=true&transform.routerRoot=app:180574:27)
    at _performTransitionSideEffects (http://bjubt34-anonymous-8081.exp.direct/node_modules%5Cexpo-router%5Centry.bundle//&platform=android&dev=true&hot=false&lazy=true&transform.engine=hermes&transform.bytecode=true&transform.routerRoot=app:93106:22)
    at _receiveSignal (http://bjubt34-anonymous-8081.exp.direct/node_modules%5Cexpo-router%5Centry.bundle//&platform=android&dev=true&hot=false&lazy=true&transform.engine=hermes&transform.bytecode=true&transform.routerRoot=app:93056:45)
    at onResponderRelease (http://bjubt34-anonymous-8081.exp.direct/node_modules%5Cexpo-router%5Centry.bundle//&platform=android&dev=true&hot=false&lazy=true&transform.engine=hermes&transform.bytecode=true&transform.routerRoot=app:92893:34)
    at apply (native)
    at invokeGuardedCallbackImpl (http://bjubt34-anonymous-8081.exp.direct/node_modules%5Cexpo-router%5Centry.bundle//&platform=android&dev=true&hot=false&lazy=true&transform.engine=hermes&transform.bytecode=true&transform.routerRoot=app:68859:23)
    at apply (native)
    at invokeGuardedCallback (http://bjubt34-anonymous-8081.exp.direct/node_modules%5Cexpo-router%5Centry.bundle//&platform=android&dev=true&hot=false&lazy=true&transform.engine=hermes&transform.bytecode=true&transform.routerRoot=app:68893:40)
    at apply (native)
    at invokeGuardedCallbackAndCatchFirstError (http://bjubt34-anonymous-8081.exp.direct/node_modules%5Cexpo-router%5Centry.bundle//&platform=android&dev=true&hot=false&lazy=true&transform.engine=hermes&transform.bytecode=true&transform.routerRoot=app:68907:36)
    at executeDispatch (http://bjubt34-anonymous-8081.exp.direct/node_modules%5Cexpo-router%5Centry.bundle//&platform=android&dev=true&hot=false&lazy=true&transform.engine=hermes&transform.bytecode=true&transform.routerRoot=app:68983:48)
    at executeDispatchesInOrder (http://bjubt34-anonymous-8081.exp.direct/node_modules%5Cexpo-router%5Centry.bundle//&platform=android&dev=true&hot=false&lazy=true&transform.engine=hermes&transform.bytecode=true&transform.routerRoot=app:69005:26)
    at executeDispatchesAndRelease (http://bjubt34-anonymous-8081.exp.direct/node_modules%5Cexpo-router%5Centry.bundle//&platform=android&dev=true&hot=false&lazy=true&transform.engine=hermes&transform.bytecode=true&transform.routerRoot=app:70678:35)
    at executeDispatchesAndReleaseTopLevel (http://bjubt34-anonymous-8081.exp.direct/node_modules%5Cexpo-router%5Centry.bundle//&platform=android&dev=true&hot=false&lazy=true&transform.engine=hermes&transform.bytecode=true&transform.routerRoot=app:70686:43)
    at forEach (native)
    at forEachAccumulated (http://bjubt34-anonymous-8081.exp.direct/node_modules%5Cexpo-router%5Centry.bundle//&platform=android&dev=true&hot=false&lazy=true&transform.engine=hermes&transform.bytecode=true&transform.routerRoot=app:69608:22)
    at runEventsInBatch (http://bjubt34-anonymous-8081.exp.direct/node_modules%5Cexpo-router%5Centry.bundle//&platform=android&dev=true&hot=false&lazy=true&transform.engine=hermes&transform.bytecode=true&transform.routerRoot=app:70699:27)
    at runExtractedPluginEventsInBatch (http://bjubt34-anonymous-8081.exp.direct/node_modules%5Cexpo-router%5Centry.bundle//&platform=android&dev=true&hot=false&lazy=true&transform.engine=hermes&transform.bytecode=true&transform.routerRoot=app:70810:25)
    at anonymous (http://bjubt34-anonymous-8081.exp.direct/node_modules%5Cexpo-router%5Centry.bundle//&platform=android&dev=true&hot=false&lazy=true&transform.engine=hermes&transform.bytecode=true&transform.routerRoot=app:70781:42)
    at batchedUpdates (http://bjubt34-anonymous-8081.exp.direct/node_modules%5Cexpo-router%5Centry.bundle//&platform=android&dev=true&hot=false&lazy=true&transform.engine=hermes&transform.bytecode=true&transform.routerRoot=app:86395:20)
    at batchedUpdates$1 (http://bjubt34-anonymous-8081.exp.direct/node_modules%5Cexpo-router%5Centry.bundle//&platform=android&dev=true&hot=false&lazy=true&transform.engine=hermes&transform.bytecode=true&transform.routerRoot=app:70654:36)
    at _receiveRootNodeIDEvent (http://bjubt34-anonymous-8081.exp.direct/node_modules%5Cexpo-router%5Centry.bundle//&platform=android&dev=true&hot=false&lazy=true&transform.engine=hermes&transform.bytecode=true&transform.routerRoot=app:70780:25)
    at receiveTouches (http://bjubt34-anonymous-8081.exp.direct/node_modules%5Cexpo-router%5Centry.bundle//&platform=android&dev=true&hot=false&lazy=true&transform.engine=hermes&transform.bytecode=true&transform.routerRoot=app:70869:34)
    at apply (native)
    at __callFunction (http://bjubt34-anonymous-8081.exp.direct/node_modules%5Cexpo-router%5Centry.bundle//&platform=android&dev=true&hot=false&lazy=true&transform.engine=hermes&transform.bytecode=true&transform.routerRoot=app:2676:38)
    at anonymous (http://bjubt34-anonymous-8081.exp.direct/node_modules%5Cexpo-router%5Centry.bundle//&platform=android&dev=true&hot=false&lazy=true&transform.engine=hermes&transform.bytecode=true&transform.routerRoot=app:2392:31)
    at __guard (http://bjubt34-anonymous-8081.exp.direct/node_modules%5Cexpo-router%5Centry.bundle//&platform=android&dev=true&hot=false&lazy=true&transform.engine=hermes&transform.bytecode=true&transform.routerRoot=app:2609:15)
    at callFunctionReturnFlushedQueue (http://bjubt34-anonymous-8081.exp.direct/node_modules%5Cexpo-router%5Centry.bundle//&platform=android&dev=true&hot=false&lazy=true&transform.engine=hermes&transform.bytecode=true&transform.routerRoot=app:2391:21)
{
  "url": "No URL",
  "method": "No method",
  "ip": "::ffff:172.18.0.8"
}

------------------------------------------------------------------------------------------------

2024-07-25 08:12:08 [logger_api] jordan@solution-logique.fr error: Network response was not ok
Error: Network response was not ok
    at ?anon_0_ (http://bjubt34-anonymous-8081.exp.direct/node_modules%5Cexpo-router%5Centry.bundle//&platform=android&dev=true&hot=false&lazy=true&transform.engine=hermes&transform.bytecode=true&transform.routerRoot=app:158804:32)
    at next (native)
    at asyncGeneratorStep (http://bjubt34-anonymous-8081.exp.direct/node_modules%5Cexpo-router%5Centry.bundle//&platform=android&dev=true&hot=false&lazy=true&transform.engine=hermes&transform.bytecode=true&transform.routerRoot=app:5844:19)
    at _next (http://bjubt34-anonymous-8081.exp.direct/node_modules%5Cexpo-router%5Centry.bundle//&platform=android&dev=true&hot=false&lazy=true&transform.engine=hermes&transform.bytecode=true&transform.routerRoot=app:5858:29)
    at tryCallOne (address at InternalBytecode.js:1:1180)
    at anonymous (address at InternalBytecode.js:1:1874)
    at apply (native)
    at anonymous (http://bjubt34-anonymous-8081.exp.direct/node_modules%5Cexpo-router%5Centry.bundle//&platform=android&dev=true&hot=false&lazy=true&transform.engine=hermes&transform.bytecode=true&transform.routerRoot=app:14840:26)
    at _callTimer (http://bjubt34-anonymous-8081.exp.direct/node_modules%5Cexpo-router%5Centry.bundle//&platform=android&dev=true&hot=false&lazy=true&transform.engine=hermes&transform.bytecode=true&transform.routerRoot=app:14719:17)
    at _callReactNativeMicrotasksPass (http://bjubt34-anonymous-8081.exp.direct/node_modules%5Cexpo-router%5Centry.bundle//&platform=android&dev=true&hot=false&lazy=true&transform.engine=hermes&transform.bytecode=true&transform.routerRoot=app:14764:17)
    at callReactNativeMicrotasks (http://bjubt34-anonymous-8081.exp.direct/node_modules%5Cexpo-router%5Centry.bundle//&platform=android&dev=true&hot=false&lazy=true&transform.engine=hermes&transform.bytecode=true&transform.routerRoot=app:14970:44)
    at __callReactNativeMicrotasks (http://bjubt34-anonymous-8081.exp.direct/node_modules%5Cexpo-router%5Centry.bundle//&platform=android&dev=true&hot=false&lazy=true&transform.engine=hermes&transform.bytecode=true&transform.routerRoot=app:2637:48)
    at anonymous (http://bjubt34-anonymous-8081.exp.direct/node_modules%5Cexpo-router%5Centry.bundle//&platform=android&dev=true&hot=false&lazy=true&transform.engine=hermes&transform.bytecode=true&transform.routerRoot=app:2410:45)
    at __guard (http://bjubt34-anonymous-8081.exp.direct/node_modules%5Cexpo-router%5Centry.bundle//&platform=android&dev=true&hot=false&lazy=true&transform.engine=hermes&transform.bytecode=true&transform.routerRoot=app:2609:15)
    at flushedQueue (http://bjubt34-anonymous-8081.exp.direct/node_modules%5Cexpo-router%5Centry.bundle//&platform=android&dev=true&hot=false&lazy=true&transform.engine=hermes&transform.bytecode=true&transform.routerRoot=app:2409:21)
    at callFunctionReturnFlushedQueue (http://bjubt34-anonymous-8081.exp.direct/node_modules%5Cexpo-router%5Centry.bundle//&platform=android&dev=true&hot=false&lazy=true&transform.engine=hermes&transform.bytecode=true&transform.routerRoot=app:2394:33)
{
  "url": "No URL",
  "method": "No method",
  "ip": "::ffff:172.18.0.9"
}

------------------------------------------------------------------------------------------------

2024-07-25 08:12:08 [logger_api] jordan@solution-logique.fr error: Network response was not ok
Error: Network response was not ok
    at ?anon_0_ (http://bjubt34-anonymous-8081.exp.direct/node_modules%5Cexpo-router%5Centry.bundle//&platform=android&dev=true&hot=false&lazy=true&transform.engine=hermes&transform.bytecode=true&transform.routerRoot=app:158804:32)
    at next (native)
    at asyncGeneratorStep (http://bjubt34-anonymous-8081.exp.direct/node_modules%5Cexpo-router%5Centry.bundle//&platform=android&dev=true&hot=false&lazy=true&transform.engine=hermes&transform.bytecode=true&transform.routerRoot=app:5844:19)
    at _next (http://bjubt34-anonymous-8081.exp.direct/node_modules%5Cexpo-router%5Centry.bundle//&platform=android&dev=true&hot=false&lazy=true&transform.engine=hermes&transform.bytecode=true&transform.routerRoot=app:5858:29)
    at tryCallOne (address at InternalBytecode.js:1:1180)
    at anonymous (address at InternalBytecode.js:1:1874)
    at apply (native)
    at anonymous (http://bjubt34-anonymous-8081.exp.direct/node_modules%5Cexpo-router%5Centry.bundle//&platform=android&dev=true&hot=false&lazy=true&transform.engine=hermes&transform.bytecode=true&transform.routerRoot=app:14840:26)
    at _callTimer (http://bjubt34-anonymous-8081.exp.direct/node_modules%5Cexpo-router%5Centry.bundle//&platform=android&dev=true&hot=false&lazy=true&transform.engine=hermes&transform.bytecode=true&transform.routerRoot=app:14719:17)
    at _callReactNativeMicrotasksPass (http://bjubt34-anonymous-8081.exp.direct/node_modules%5Cexpo-router%5Centry.bundle//&platform=android&dev=true&hot=false&lazy=true&transform.engine=hermes&transform.bytecode=true&transform.routerRoot=app:14764:17)
    at callReactNativeMicrotasks (http://bjubt34-anonymous-8081.exp.direct/node_modules%5Cexpo-router%5Centry.bundle//&platform=android&dev=true&hot=false&lazy=true&transform.engine=hermes&transform.bytecode=true&transform.routerRoot=app:14970:44)
    at __callReactNativeMicrotasks (http://bjubt34-anonymous-8081.exp.direct/node_modules%5Cexpo-router%5Centry.bundle//&platform=android&dev=true&hot=false&lazy=true&transform.engine=hermes&transform.bytecode=true&transform.routerRoot=app:2637:48)
    at anonymous (http://bjubt34-anonymous-8081.exp.direct/node_modules%5Cexpo-router%5Centry.bundle//&platform=android&dev=true&hot=false&lazy=true&transform.engine=hermes&transform.bytecode=true&transform.routerRoot=app:2410:45)
    at __guard (http://bjubt34-anonymous-8081.exp.direct/node_modules%5Cexpo-router%5Centry.bundle//&platform=android&dev=true&hot=false&lazy=true&transform.engine=hermes&transform.bytecode=true&transform.routerRoot=app:2609:15)
    at flushedQueue (http://bjubt34-anonymous-8081.exp.direct/node_modules%5Cexpo-router%5Centry.bundle//&platform=android&dev=true&hot=false&lazy=true&transform.engine=hermes&transform.bytecode=true&transform.routerRoot=app:2409:21)
    at callFunctionReturnFlushedQueue (http://bjubt34-anonymous-8081.exp.direct/node_modules%5Cexpo-router%5Centry.bundle//&platform=android&dev=true&hot=false&lazy=true&transform.engine=hermes&transform.bytecode=true&transform.routerRoot=app:2394:33)
{
  "url": "No URL",
  "method": "No method",
  "ip": "::ffff:172.18.0.9"
}

------------------------------------------------------------------------------------------------

2024-07-25 08:12:16 [logger_api] jordan@solution-logique.fr error: Network response was not ok
Error: Network response was not ok
    at ?anon_0_ (http://bjubt34-anonymous-8081.exp.direct/node_modules%5Cexpo-router%5Centry.bundle//&platform=android&dev=true&hot=false&lazy=true&transform.engine=hermes&transform.bytecode=true&transform.routerRoot=app:158804:32)
    at next (native)
    at asyncGeneratorStep (http://bjubt34-anonymous-8081.exp.direct/node_modules%5Cexpo-router%5Centry.bundle//&platform=android&dev=true&hot=false&lazy=true&transform.engine=hermes&transform.bytecode=true&transform.routerRoot=app:5844:19)
    at _next (http://bjubt34-anonymous-8081.exp.direct/node_modules%5Cexpo-router%5Centry.bundle//&platform=android&dev=true&hot=false&lazy=true&transform.engine=hermes&transform.bytecode=true&transform.routerRoot=app:5858:29)
    at tryCallOne (address at InternalBytecode.js:1:1180)
    at anonymous (address at InternalBytecode.js:1:1874)
    at apply (native)
    at anonymous (http://bjubt34-anonymous-8081.exp.direct/node_modules%5Cexpo-router%5Centry.bundle//&platform=android&dev=true&hot=false&lazy=true&transform.engine=hermes&transform.bytecode=true&transform.routerRoot=app:14840:26)
    at _callTimer (http://bjubt34-anonymous-8081.exp.direct/node_modules%5Cexpo-router%5Centry.bundle//&platform=android&dev=true&hot=false&lazy=true&transform.engine=hermes&transform.bytecode=true&transform.routerRoot=app:14719:17)
    at _callReactNativeMicrotasksPass (http://bjubt34-anonymous-8081.exp.direct/node_modules%5Cexpo-router%5Centry.bundle//&platform=android&dev=true&hot=false&lazy=true&transform.engine=hermes&transform.bytecode=true&transform.routerRoot=app:14764:17)
    at callReactNativeMicrotasks (http://bjubt34-anonymous-8081.exp.direct/node_modules%5Cexpo-router%5Centry.bundle//&platform=android&dev=true&hot=false&lazy=true&transform.engine=hermes&transform.bytecode=true&transform.routerRoot=app:14970:44)
    at __callReactNativeMicrotasks (http://bjubt34-anonymous-8081.exp.direct/node_modules%5Cexpo-router%5Centry.bundle//&platform=android&dev=true&hot=false&lazy=true&transform.engine=hermes&transform.bytecode=true&transform.routerRoot=app:2637:48)
    at anonymous (http://bjubt34-anonymous-8081.exp.direct/node_modules%5Cexpo-router%5Centry.bundle//&platform=android&dev=true&hot=false&lazy=true&transform.engine=hermes&transform.bytecode=true&transform.routerRoot=app:2410:45)
    at __guard (http://bjubt34-anonymous-8081.exp.direct/node_modules%5Cexpo-router%5Centry.bundle//&platform=android&dev=true&hot=false&lazy=true&transform.engine=hermes&transform.bytecode=true&transform.routerRoot=app:2609:15)
    at flushedQueue (http://bjubt34-anonymous-8081.exp.direct/node_modules%5Cexpo-router%5Centry.bundle//&platform=android&dev=true&hot=false&lazy=true&transform.engine=hermes&transform.bytecode=true&transform.routerRoot=app:2409:21)
    at callFunctionReturnFlushedQueue (http://bjubt34-anonymous-8081.exp.direct/node_modules%5Cexpo-router%5Centry.bundle//&platform=android&dev=true&hot=false&lazy=true&transform.engine=hermes&transform.bytecode=true&transform.routerRoot=app:2394:33)
{
  "url": "No URL",
  "method": "No method",
  "ip": "::ffff:172.18.0.9"
}

------------------------------------------------------------------------------------------------

2024-07-25 08:12:16 [logger_api] jordan@solution-logique.fr error: Network response was not ok
Error: Network response was not ok
    at ?anon_0_ (http://bjubt34-anonymous-8081.exp.direct/node_modules%5Cexpo-router%5Centry.bundle//&platform=android&dev=true&hot=false&lazy=true&transform.engine=hermes&transform.bytecode=true&transform.routerRoot=app:158804:32)
    at next (native)
    at asyncGeneratorStep (http://bjubt34-anonymous-8081.exp.direct/node_modules%5Cexpo-router%5Centry.bundle//&platform=android&dev=true&hot=false&lazy=true&transform.engine=hermes&transform.bytecode=true&transform.routerRoot=app:5844:19)
    at _next (http://bjubt34-anonymous-8081.exp.direct/node_modules%5Cexpo-router%5Centry.bundle//&platform=android&dev=true&hot=false&lazy=true&transform.engine=hermes&transform.bytecode=true&transform.routerRoot=app:5858:29)
    at tryCallOne (address at InternalBytecode.js:1:1180)
    at anonymous (address at InternalBytecode.js:1:1874)
    at apply (native)
    at anonymous (http://bjubt34-anonymous-8081.exp.direct/node_modules%5Cexpo-router%5Centry.bundle//&platform=android&dev=true&hot=false&lazy=true&transform.engine=hermes&transform.bytecode=true&transform.routerRoot=app:14840:26)
    at _callTimer (http://bjubt34-anonymous-8081.exp.direct/node_modules%5Cexpo-router%5Centry.bundle//&platform=android&dev=true&hot=false&lazy=true&transform.engine=hermes&transform.bytecode=true&transform.routerRoot=app:14719:17)
    at _callReactNativeMicrotasksPass (http://bjubt34-anonymous-8081.exp.direct/node_modules%5Cexpo-router%5Centry.bundle//&platform=android&dev=true&hot=false&lazy=true&transform.engine=hermes&transform.bytecode=true&transform.routerRoot=app:14764:17)
    at callReactNativeMicrotasks (http://bjubt34-anonymous-8081.exp.direct/node_modules%5Cexpo-router%5Centry.bundle//&platform=android&dev=true&hot=false&lazy=true&transform.engine=hermes&transform.bytecode=true&transform.routerRoot=app:14970:44)
    at __callReactNativeMicrotasks (http://bjubt34-anonymous-8081.exp.direct/node_modules%5Cexpo-router%5Centry.bundle//&platform=android&dev=true&hot=false&lazy=true&transform.engine=hermes&transform.bytecode=true&transform.routerRoot=app:2637:48)
    at anonymous (http://bjubt34-anonymous-8081.exp.direct/node_modules%5Cexpo-router%5Centry.bundle//&platform=android&dev=true&hot=false&lazy=true&transform.engine=hermes&transform.bytecode=true&transform.routerRoot=app:2410:45)
    at __guard (http://bjubt34-anonymous-8081.exp.direct/node_modules%5Cexpo-router%5Centry.bundle//&platform=android&dev=true&hot=false&lazy=true&transform.engine=hermes&transform.bytecode=true&transform.routerRoot=app:2609:15)
    at flushedQueue (http://bjubt34-anonymous-8081.exp.direct/node_modules%5Cexpo-router%5Centry.bundle//&platform=android&dev=true&hot=false&lazy=true&transform.engine=hermes&transform.bytecode=true&transform.routerRoot=app:2409:21)
    at callFunctionReturnFlushedQueue (http://bjubt34-anonymous-8081.exp.direct/node_modules%5Cexpo-router%5Centry.bundle//&platform=android&dev=true&hot=false&lazy=true&transform.engine=hermes&transform.bytecode=true&transform.routerRoot=app:2394:33)
{
  "url": "No URL",
  "method": "No method",
  "ip": "::ffff:172.18.0.9"
}

------------------------------------------------------------------------------------------------

2024-07-25 08:12:18 [logger_api] jordan@solution-logique.fr error: Network response was not ok
Error: Network response was not ok
    at ?anon_0_ (http://bjubt34-anonymous-8081.exp.direct/node_modules%5Cexpo-router%5Centry.bundle//&platform=android&dev=true&hot=false&lazy=true&transform.engine=hermes&transform.bytecode=true&transform.routerRoot=app:158804:32)
    at next (native)
    at asyncGeneratorStep (http://bjubt34-anonymous-8081.exp.direct/node_modules%5Cexpo-router%5Centry.bundle//&platform=android&dev=true&hot=false&lazy=true&transform.engine=hermes&transform.bytecode=true&transform.routerRoot=app:5844:19)
    at _next (http://bjubt34-anonymous-8081.exp.direct/node_modules%5Cexpo-router%5Centry.bundle//&platform=android&dev=true&hot=false&lazy=true&transform.engine=hermes&transform.bytecode=true&transform.routerRoot=app:5858:29)
    at tryCallOne (address at InternalBytecode.js:1:1180)
    at anonymous (address at InternalBytecode.js:1:1874)
    at apply (native)
    at anonymous (http://bjubt34-anonymous-8081.exp.direct/node_modules%5Cexpo-router%5Centry.bundle//&platform=android&dev=true&hot=false&lazy=true&transform.engine=hermes&transform.bytecode=true&transform.routerRoot=app:14840:26)
    at _callTimer (http://bjubt34-anonymous-8081.exp.direct/node_modules%5Cexpo-router%5Centry.bundle//&platform=android&dev=true&hot=false&lazy=true&transform.engine=hermes&transform.bytecode=true&transform.routerRoot=app:14719:17)
    at _callReactNativeMicrotasksPass (http://bjubt34-anonymous-8081.exp.direct/node_modules%5Cexpo-router%5Centry.bundle//&platform=android&dev=true&hot=false&lazy=true&transform.engine=hermes&transform.bytecode=true&transform.routerRoot=app:14764:17)
    at callReactNativeMicrotasks (http://bjubt34-anonymous-8081.exp.direct/node_modules%5Cexpo-router%5Centry.bundle//&platform=android&dev=true&hot=false&lazy=true&transform.engine=hermes&transform.bytecode=true&transform.routerRoot=app:14970:44)
    at __callReactNativeMicrotasks (http://bjubt34-anonymous-8081.exp.direct/node_modules%5Cexpo-router%5Centry.bundle//&platform=android&dev=true&hot=false&lazy=true&transform.engine=hermes&transform.bytecode=true&transform.routerRoot=app:2637:48)
    at anonymous (http://bjubt34-anonymous-8081.exp.direct/node_modules%5Cexpo-router%5Centry.bundle//&platform=android&dev=true&hot=false&lazy=true&transform.engine=hermes&transform.bytecode=true&transform.routerRoot=app:2410:45)
    at __guard (http://bjubt34-anonymous-8081.exp.direct/node_modules%5Cexpo-router%5Centry.bundle//&platform=android&dev=true&hot=false&lazy=true&transform.engine=hermes&transform.bytecode=true&transform.routerRoot=app:2609:15)
    at flushedQueue (http://bjubt34-anonymous-8081.exp.direct/node_modules%5Cexpo-router%5Centry.bundle//&platform=android&dev=true&hot=false&lazy=true&transform.engine=hermes&transform.bytecode=true&transform.routerRoot=app:2409:21)
    at callFunctionReturnFlushedQueue (http://bjubt34-anonymous-8081.exp.direct/node_modules%5Cexpo-router%5Centry.bundle//&platform=android&dev=true&hot=false&lazy=true&transform.engine=hermes&transform.bytecode=true&transform.routerRoot=app:2394:33)
{
  "url": "No URL",
  "method": "No method",
  "ip": "::ffff:172.18.0.9"
}

------------------------------------------------------------------------------------------------

2024-07-25 08:12:18 [logger_api] jordan@solution-logique.fr error: Network response was not ok
Error: Network response was not ok
    at ?anon_0_ (http://bjubt34-anonymous-8081.exp.direct/node_modules%5Cexpo-router%5Centry.bundle//&platform=android&dev=true&hot=false&lazy=true&transform.engine=hermes&transform.bytecode=true&transform.routerRoot=app:158804:32)
    at next (native)
    at asyncGeneratorStep (http://bjubt34-anonymous-8081.exp.direct/node_modules%5Cexpo-router%5Centry.bundle//&platform=android&dev=true&hot=false&lazy=true&transform.engine=hermes&transform.bytecode=true&transform.routerRoot=app:5844:19)
    at _next (http://bjubt34-anonymous-8081.exp.direct/node_modules%5Cexpo-router%5Centry.bundle//&platform=android&dev=true&hot=false&lazy=true&transform.engine=hermes&transform.bytecode=true&transform.routerRoot=app:5858:29)
    at tryCallOne (address at InternalBytecode.js:1:1180)
    at anonymous (address at InternalBytecode.js:1:1874)
    at apply (native)
    at anonymous (http://bjubt34-anonymous-8081.exp.direct/node_modules%5Cexpo-router%5Centry.bundle//&platform=android&dev=true&hot=false&lazy=true&transform.engine=hermes&transform.bytecode=true&transform.routerRoot=app:14840:26)
    at _callTimer (http://bjubt34-anonymous-8081.exp.direct/node_modules%5Cexpo-router%5Centry.bundle//&platform=android&dev=true&hot=false&lazy=true&transform.engine=hermes&transform.bytecode=true&transform.routerRoot=app:14719:17)
    at _callReactNativeMicrotasksPass (http://bjubt34-anonymous-8081.exp.direct/node_modules%5Cexpo-router%5Centry.bundle//&platform=android&dev=true&hot=false&lazy=true&transform.engine=hermes&transform.bytecode=true&transform.routerRoot=app:14764:17)
    at callReactNativeMicrotasks (http://bjubt34-anonymous-8081.exp.direct/node_modules%5Cexpo-router%5Centry.bundle//&platform=android&dev=true&hot=false&lazy=true&transform.engine=hermes&transform.bytecode=true&transform.routerRoot=app:14970:44)
    at __callReactNativeMicrotasks (http://bjubt34-anonymous-8081.exp.direct/node_modules%5Cexpo-router%5Centry.bundle//&platform=android&dev=true&hot=false&lazy=true&transform.engine=hermes&transform.bytecode=true&transform.routerRoot=app:2637:48)
    at anonymous (http://bjubt34-anonymous-8081.exp.direct/node_modules%5Cexpo-router%5Centry.bundle//&platform=android&dev=true&hot=false&lazy=true&transform.engine=hermes&transform.bytecode=true&transform.routerRoot=app:2410:45)
    at __guard (http://bjubt34-anonymous-8081.exp.direct/node_modules%5Cexpo-router%5Centry.bundle//&platform=android&dev=true&hot=false&lazy=true&transform.engine=hermes&transform.bytecode=true&transform.routerRoot=app:2609:15)
    at flushedQueue (http://bjubt34-anonymous-8081.exp.direct/node_modules%5Cexpo-router%5Centry.bundle//&platform=android&dev=true&hot=false&lazy=true&transform.engine=hermes&transform.bytecode=true&transform.routerRoot=app:2409:21)
    at callFunctionReturnFlushedQueue (http://bjubt34-anonymous-8081.exp.direct/node_modules%5Cexpo-router%5Centry.bundle//&platform=android&dev=true&hot=false&lazy=true&transform.engine=hermes&transform.bytecode=true&transform.routerRoot=app:2394:33)
{
  "url": "No URL",
  "method": "No method",
  "ip": "::ffff:172.18.0.9"
}

------------------------------------------------------------------------------------------------

2024-07-25 08:37:21 [logger_api] jordan@solution-logique.fr error: Network response was not ok
Error: Network response was not ok
    at ?anon_0_ (http://bjubt34-anonymous-8081.exp.direct/node_modules%5Cexpo-router%5Centry.bundle//&platform=android&dev=true&hot=false&lazy=true&transform.engine=hermes&transform.bytecode=true&transform.routerRoot=app:158846:32)
    at next (native)
    at asyncGeneratorStep (http://bjubt34-anonymous-8081.exp.direct/node_modules%5Cexpo-router%5Centry.bundle//&platform=android&dev=true&hot=false&lazy=true&transform.engine=hermes&transform.bytecode=true&transform.routerRoot=app:5844:19)
    at _next (http://bjubt34-anonymous-8081.exp.direct/node_modules%5Cexpo-router%5Centry.bundle//&platform=android&dev=true&hot=false&lazy=true&transform.engine=hermes&transform.bytecode=true&transform.routerRoot=app:5858:29)
    at tryCallOne (address at InternalBytecode.js:1:1180)
    at anonymous (address at InternalBytecode.js:1:1874)
    at apply (native)
    at anonymous (http://bjubt34-anonymous-8081.exp.direct/node_modules%5Cexpo-router%5Centry.bundle//&platform=android&dev=true&hot=false&lazy=true&transform.engine=hermes&transform.bytecode=true&transform.routerRoot=app:14840:26)
    at _callTimer (http://bjubt34-anonymous-8081.exp.direct/node_modules%5Cexpo-router%5Centry.bundle//&platform=android&dev=true&hot=false&lazy=true&transform.engine=hermes&transform.bytecode=true&transform.routerRoot=app:14719:17)
    at _callReactNativeMicrotasksPass (http://bjubt34-anonymous-8081.exp.direct/node_modules%5Cexpo-router%5Centry.bundle//&platform=android&dev=true&hot=false&lazy=true&transform.engine=hermes&transform.bytecode=true&transform.routerRoot=app:14764:17)
    at callReactNativeMicrotasks (http://bjubt34-anonymous-8081.exp.direct/node_modules%5Cexpo-router%5Centry.bundle//&platform=android&dev=true&hot=false&lazy=true&transform.engine=hermes&transform.bytecode=true&transform.routerRoot=app:14970:44)
    at __callReactNativeMicrotasks (http://bjubt34-anonymous-8081.exp.direct/node_modules%5Cexpo-router%5Centry.bundle//&platform=android&dev=true&hot=false&lazy=true&transform.engine=hermes&transform.bytecode=true&transform.routerRoot=app:2637:48)
    at anonymous (http://bjubt34-anonymous-8081.exp.direct/node_modules%5Cexpo-router%5Centry.bundle//&platform=android&dev=true&hot=false&lazy=true&transform.engine=hermes&transform.bytecode=true&transform.routerRoot=app:2410:45)
    at __guard (http://bjubt34-anonymous-8081.exp.direct/node_modules%5Cexpo-router%5Centry.bundle//&platform=android&dev=true&hot=false&lazy=true&transform.engine=hermes&transform.bytecode=true&transform.routerRoot=app:2609:15)
    at flushedQueue (http://bjubt34-anonymous-8081.exp.direct/node_modules%5Cexpo-router%5Centry.bundle//&platform=android&dev=true&hot=false&lazy=true&transform.engine=hermes&transform.bytecode=true&transform.routerRoot=app:2409:21)
    at callFunctionReturnFlushedQueue (http://bjubt34-anonymous-8081.exp.direct/node_modules%5Cexpo-router%5Centry.bundle//&platform=android&dev=true&hot=false&lazy=true&transform.engine=hermes&transform.bytecode=true&transform.routerRoot=app:2394:33)
{
  "url": "No URL",
  "method": "No method",
  "ip": "::ffff:172.18.0.9"
}

------------------------------------------------------------------------------------------------

2024-07-25 08:37:21 [logger_api] jordan@solution-logique.fr error: Network response was not ok
Error: Network response was not ok
    at ?anon_0_ (http://bjubt34-anonymous-8081.exp.direct/node_modules%5Cexpo-router%5Centry.bundle//&platform=android&dev=true&hot=false&lazy=true&transform.engine=hermes&transform.bytecode=true&transform.routerRoot=app:158846:32)
    at next (native)
    at asyncGeneratorStep (http://bjubt34-anonymous-8081.exp.direct/node_modules%5Cexpo-router%5Centry.bundle//&platform=android&dev=true&hot=false&lazy=true&transform.engine=hermes&transform.bytecode=true&transform.routerRoot=app:5844:19)
    at _next (http://bjubt34-anonymous-8081.exp.direct/node_modules%5Cexpo-router%5Centry.bundle//&platform=android&dev=true&hot=false&lazy=true&transform.engine=hermes&transform.bytecode=true&transform.routerRoot=app:5858:29)
    at tryCallOne (address at InternalBytecode.js:1:1180)
    at anonymous (address at InternalBytecode.js:1:1874)
    at apply (native)
    at anonymous (http://bjubt34-anonymous-8081.exp.direct/node_modules%5Cexpo-router%5Centry.bundle//&platform=android&dev=true&hot=false&lazy=true&transform.engine=hermes&transform.bytecode=true&transform.routerRoot=app:14840:26)
    at _callTimer (http://bjubt34-anonymous-8081.exp.direct/node_modules%5Cexpo-router%5Centry.bundle//&platform=android&dev=true&hot=false&lazy=true&transform.engine=hermes&transform.bytecode=true&transform.routerRoot=app:14719:17)
    at _callReactNativeMicrotasksPass (http://bjubt34-anonymous-8081.exp.direct/node_modules%5Cexpo-router%5Centry.bundle//&platform=android&dev=true&hot=false&lazy=true&transform.engine=hermes&transform.bytecode=true&transform.routerRoot=app:14764:17)
    at callReactNativeMicrotasks (http://bjubt34-anonymous-8081.exp.direct/node_modules%5Cexpo-router%5Centry.bundle//&platform=android&dev=true&hot=false&lazy=true&transform.engine=hermes&transform.bytecode=true&transform.routerRoot=app:14970:44)
    at __callReactNativeMicrotasks (http://bjubt34-anonymous-8081.exp.direct/node_modules%5Cexpo-router%5Centry.bundle//&platform=android&dev=true&hot=false&lazy=true&transform.engine=hermes&transform.bytecode=true&transform.routerRoot=app:2637:48)
    at anonymous (http://bjubt34-anonymous-8081.exp.direct/node_modules%5Cexpo-router%5Centry.bundle//&platform=android&dev=true&hot=false&lazy=true&transform.engine=hermes&transform.bytecode=true&transform.routerRoot=app:2410:45)
    at __guard (http://bjubt34-anonymous-8081.exp.direct/node_modules%5Cexpo-router%5Centry.bundle//&platform=android&dev=true&hot=false&lazy=true&transform.engine=hermes&transform.bytecode=true&transform.routerRoot=app:2609:15)
    at flushedQueue (http://bjubt34-anonymous-8081.exp.direct/node_modules%5Cexpo-router%5Centry.bundle//&platform=android&dev=true&hot=false&lazy=true&transform.engine=hermes&transform.bytecode=true&transform.routerRoot=app:2409:21)
    at callFunctionReturnFlushedQueue (http://bjubt34-anonymous-8081.exp.direct/node_modules%5Cexpo-router%5Centry.bundle//&platform=android&dev=true&hot=false&lazy=true&transform.engine=hermes&transform.bytecode=true&transform.routerRoot=app:2394:33)
{
  "url": "No URL",
  "method": "No method",
  "ip": "::ffff:172.18.0.9"
}

------------------------------------------------------------------------------------------------

2024-07-25 08:40:11 [logger_api] jordan@solution-logique.fr error: Network response was not ok
Error: Network response was not ok
    at ?anon_0_ (http://bjubt34-anonymous-8081.exp.direct/node_modules%5Cexpo-router%5Centry.bundle//&platform=android&dev=true&hot=false&lazy=true&transform.engine=hermes&transform.bytecode=true&transform.routerRoot=app:158846:32)
    at next (native)
    at asyncGeneratorStep (http://bjubt34-anonymous-8081.exp.direct/node_modules%5Cexpo-router%5Centry.bundle//&platform=android&dev=true&hot=false&lazy=true&transform.engine=hermes&transform.bytecode=true&transform.routerRoot=app:5844:19)
    at _next (http://bjubt34-anonymous-8081.exp.direct/node_modules%5Cexpo-router%5Centry.bundle//&platform=android&dev=true&hot=false&lazy=true&transform.engine=hermes&transform.bytecode=true&transform.routerRoot=app:5858:29)
    at tryCallOne (address at InternalBytecode.js:1:1180)
    at anonymous (address at InternalBytecode.js:1:1874)
    at apply (native)
    at anonymous (http://bjubt34-anonymous-8081.exp.direct/node_modules%5Cexpo-router%5Centry.bundle//&platform=android&dev=true&hot=false&lazy=true&transform.engine=hermes&transform.bytecode=true&transform.routerRoot=app:14840:26)
    at _callTimer (http://bjubt34-anonymous-8081.exp.direct/node_modules%5Cexpo-router%5Centry.bundle//&platform=android&dev=true&hot=false&lazy=true&transform.engine=hermes&transform.bytecode=true&transform.routerRoot=app:14719:17)
    at _callReactNativeMicrotasksPass (http://bjubt34-anonymous-8081.exp.direct/node_modules%5Cexpo-router%5Centry.bundle//&platform=android&dev=true&hot=false&lazy=true&transform.engine=hermes&transform.bytecode=true&transform.routerRoot=app:14764:17)
    at callReactNativeMicrotasks (http://bjubt34-anonymous-8081.exp.direct/node_modules%5Cexpo-router%5Centry.bundle//&platform=android&dev=true&hot=false&lazy=true&transform.engine=hermes&transform.bytecode=true&transform.routerRoot=app:14970:44)
    at __callReactNativeMicrotasks (http://bjubt34-anonymous-8081.exp.direct/node_modules%5Cexpo-router%5Centry.bundle//&platform=android&dev=true&hot=false&lazy=true&transform.engine=hermes&transform.bytecode=true&transform.routerRoot=app:2637:48)
    at anonymous (http://bjubt34-anonymous-8081.exp.direct/node_modules%5Cexpo-router%5Centry.bundle//&platform=android&dev=true&hot=false&lazy=true&transform.engine=hermes&transform.bytecode=true&transform.routerRoot=app:2410:45)
    at __guard (http://bjubt34-anonymous-8081.exp.direct/node_modules%5Cexpo-router%5Centry.bundle//&platform=android&dev=true&hot=false&lazy=true&transform.engine=hermes&transform.bytecode=true&transform.routerRoot=app:2609:15)
    at flushedQueue (http://bjubt34-anonymous-8081.exp.direct/node_modules%5Cexpo-router%5Centry.bundle//&platform=android&dev=true&hot=false&lazy=true&transform.engine=hermes&transform.bytecode=true&transform.routerRoot=app:2409:21)
    at callFunctionReturnFlushedQueue (http://bjubt34-anonymous-8081.exp.direct/node_modules%5Cexpo-router%5Centry.bundle//&platform=android&dev=true&hot=false&lazy=true&transform.engine=hermes&transform.bytecode=true&transform.routerRoot=app:2394:33)
{
  "url": "No URL",
  "method": "No method",
  "ip": "::ffff:172.18.0.9"
}

------------------------------------------------------------------------------------------------

2024-07-25 08:40:11 [logger_api] jordan@solution-logique.fr error: Network response was not ok
Error: Network response was not ok
    at ?anon_0_ (http://bjubt34-anonymous-8081.exp.direct/node_modules%5Cexpo-router%5Centry.bundle//&platform=android&dev=true&hot=false&lazy=true&transform.engine=hermes&transform.bytecode=true&transform.routerRoot=app:158846:32)
    at next (native)
    at asyncGeneratorStep (http://bjubt34-anonymous-8081.exp.direct/node_modules%5Cexpo-router%5Centry.bundle//&platform=android&dev=true&hot=false&lazy=true&transform.engine=hermes&transform.bytecode=true&transform.routerRoot=app:5844:19)
    at _next (http://bjubt34-anonymous-8081.exp.direct/node_modules%5Cexpo-router%5Centry.bundle//&platform=android&dev=true&hot=false&lazy=true&transform.engine=hermes&transform.bytecode=true&transform.routerRoot=app:5858:29)
    at tryCallOne (address at InternalBytecode.js:1:1180)
    at anonymous (address at InternalBytecode.js:1:1874)
    at apply (native)
    at anonymous (http://bjubt34-anonymous-8081.exp.direct/node_modules%5Cexpo-router%5Centry.bundle//&platform=android&dev=true&hot=false&lazy=true&transform.engine=hermes&transform.bytecode=true&transform.routerRoot=app:14840:26)
    at _callTimer (http://bjubt34-anonymous-8081.exp.direct/node_modules%5Cexpo-router%5Centry.bundle//&platform=android&dev=true&hot=false&lazy=true&transform.engine=hermes&transform.bytecode=true&transform.routerRoot=app:14719:17)
    at _callReactNativeMicrotasksPass (http://bjubt34-anonymous-8081.exp.direct/node_modules%5Cexpo-router%5Centry.bundle//&platform=android&dev=true&hot=false&lazy=true&transform.engine=hermes&transform.bytecode=true&transform.routerRoot=app:14764:17)
    at callReactNativeMicrotasks (http://bjubt34-anonymous-8081.exp.direct/node_modules%5Cexpo-router%5Centry.bundle//&platform=android&dev=true&hot=false&lazy=true&transform.engine=hermes&transform.bytecode=true&transform.routerRoot=app:14970:44)
    at __callReactNativeMicrotasks (http://bjubt34-anonymous-8081.exp.direct/node_modules%5Cexpo-router%5Centry.bundle//&platform=android&dev=true&hot=false&lazy=true&transform.engine=hermes&transform.bytecode=true&transform.routerRoot=app:2637:48)
    at anonymous (http://bjubt34-anonymous-8081.exp.direct/node_modules%5Cexpo-router%5Centry.bundle//&platform=android&dev=true&hot=false&lazy=true&transform.engine=hermes&transform.bytecode=true&transform.routerRoot=app:2410:45)
    at __guard (http://bjubt34-anonymous-8081.exp.direct/node_modules%5Cexpo-router%5Centry.bundle//&platform=android&dev=true&hot=false&lazy=true&transform.engine=hermes&transform.bytecode=true&transform.routerRoot=app:2609:15)
    at flushedQueue (http://bjubt34-anonymous-8081.exp.direct/node_modules%5Cexpo-router%5Centry.bundle//&platform=android&dev=true&hot=false&lazy=true&transform.engine=hermes&transform.bytecode=true&transform.routerRoot=app:2409:21)
    at callFunctionReturnFlushedQueue (http://bjubt34-anonymous-8081.exp.direct/node_modules%5Cexpo-router%5Centry.bundle//&platform=android&dev=true&hot=false&lazy=true&transform.engine=hermes&transform.bytecode=true&transform.routerRoot=app:2394:33)
{
  "url": "No URL",
  "method": "No method",
  "ip": "::ffff:172.18.0.9"
}

------------------------------------------------------------------------------------------------

2024-07-25 08:41:01 [logger_api] jordan@solution-logique.fr error: Network response was not ok
Error: Network response was not ok
    at ?anon_0_ (http://bjubt34-anonymous-8081.exp.direct/node_modules%5Cexpo-router%5Centry.bundle//&platform=android&dev=true&hot=false&lazy=true&transform.engine=hermes&transform.bytecode=true&transform.routerRoot=app:158846:32)
    at next (native)
    at asyncGeneratorStep (http://bjubt34-anonymous-8081.exp.direct/node_modules%5Cexpo-router%5Centry.bundle//&platform=android&dev=true&hot=false&lazy=true&transform.engine=hermes&transform.bytecode=true&transform.routerRoot=app:5844:19)
    at _next (http://bjubt34-anonymous-8081.exp.direct/node_modules%5Cexpo-router%5Centry.bundle//&platform=android&dev=true&hot=false&lazy=true&transform.engine=hermes&transform.bytecode=true&transform.routerRoot=app:5858:29)
    at tryCallOne (address at InternalBytecode.js:1:1180)
    at anonymous (address at InternalBytecode.js:1:1874)
    at apply (native)
    at anonymous (http://bjubt34-anonymous-8081.exp.direct/node_modules%5Cexpo-router%5Centry.bundle//&platform=android&dev=true&hot=false&lazy=true&transform.engine=hermes&transform.bytecode=true&transform.routerRoot=app:14840:26)
    at _callTimer (http://bjubt34-anonymous-8081.exp.direct/node_modules%5Cexpo-router%5Centry.bundle//&platform=android&dev=true&hot=false&lazy=true&transform.engine=hermes&transform.bytecode=true&transform.routerRoot=app:14719:17)
    at _callReactNativeMicrotasksPass (http://bjubt34-anonymous-8081.exp.direct/node_modules%5Cexpo-router%5Centry.bundle//&platform=android&dev=true&hot=false&lazy=true&transform.engine=hermes&transform.bytecode=true&transform.routerRoot=app:14764:17)
    at callReactNativeMicrotasks (http://bjubt34-anonymous-8081.exp.direct/node_modules%5Cexpo-router%5Centry.bundle//&platform=android&dev=true&hot=false&lazy=true&transform.engine=hermes&transform.bytecode=true&transform.routerRoot=app:14970:44)
    at __callReactNativeMicrotasks (http://bjubt34-anonymous-8081.exp.direct/node_modules%5Cexpo-router%5Centry.bundle//&platform=android&dev=true&hot=false&lazy=true&transform.engine=hermes&transform.bytecode=true&transform.routerRoot=app:2637:48)
    at anonymous (http://bjubt34-anonymous-8081.exp.direct/node_modules%5Cexpo-router%5Centry.bundle//&platform=android&dev=true&hot=false&lazy=true&transform.engine=hermes&transform.bytecode=true&transform.routerRoot=app:2410:45)
    at __guard (http://bjubt34-anonymous-8081.exp.direct/node_modules%5Cexpo-router%5Centry.bundle//&platform=android&dev=true&hot=false&lazy=true&transform.engine=hermes&transform.bytecode=true&transform.routerRoot=app:2609:15)
    at flushedQueue (http://bjubt34-anonymous-8081.exp.direct/node_modules%5Cexpo-router%5Centry.bundle//&platform=android&dev=true&hot=false&lazy=true&transform.engine=hermes&transform.bytecode=true&transform.routerRoot=app:2409:21)
    at callFunctionReturnFlushedQueue (http://bjubt34-anonymous-8081.exp.direct/node_modules%5Cexpo-router%5Centry.bundle//&platform=android&dev=true&hot=false&lazy=true&transform.engine=hermes&transform.bytecode=true&transform.routerRoot=app:2394:33)
{
  "url": "No URL",
  "method": "No method",
  "ip": "::ffff:172.18.0.9"
}

------------------------------------------------------------------------------------------------

2024-07-25 08:41:01 [logger_api] jordan@solution-logique.fr error: Network response was not ok
Error: Network response was not ok
    at ?anon_0_ (http://bjubt34-anonymous-8081.exp.direct/node_modules%5Cexpo-router%5Centry.bundle//&platform=android&dev=true&hot=false&lazy=true&transform.engine=hermes&transform.bytecode=true&transform.routerRoot=app:158846:32)
    at next (native)
    at asyncGeneratorStep (http://bjubt34-anonymous-8081.exp.direct/node_modules%5Cexpo-router%5Centry.bundle//&platform=android&dev=true&hot=false&lazy=true&transform.engine=hermes&transform.bytecode=true&transform.routerRoot=app:5844:19)
    at _next (http://bjubt34-anonymous-8081.exp.direct/node_modules%5Cexpo-router%5Centry.bundle//&platform=android&dev=true&hot=false&lazy=true&transform.engine=hermes&transform.bytecode=true&transform.routerRoot=app:5858:29)
    at tryCallOne (address at InternalBytecode.js:1:1180)
    at anonymous (address at InternalBytecode.js:1:1874)
    at apply (native)
    at anonymous (http://bjubt34-anonymous-8081.exp.direct/node_modules%5Cexpo-router%5Centry.bundle//&platform=android&dev=true&hot=false&lazy=true&transform.engine=hermes&transform.bytecode=true&transform.routerRoot=app:14840:26)
    at _callTimer (http://bjubt34-anonymous-8081.exp.direct/node_modules%5Cexpo-router%5Centry.bundle//&platform=android&dev=true&hot=false&lazy=true&transform.engine=hermes&transform.bytecode=true&transform.routerRoot=app:14719:17)
    at _callReactNativeMicrotasksPass (http://bjubt34-anonymous-8081.exp.direct/node_modules%5Cexpo-router%5Centry.bundle//&platform=android&dev=true&hot=false&lazy=true&transform.engine=hermes&transform.bytecode=true&transform.routerRoot=app:14764:17)
    at callReactNativeMicrotasks (http://bjubt34-anonymous-8081.exp.direct/node_modules%5Cexpo-router%5Centry.bundle//&platform=android&dev=true&hot=false&lazy=true&transform.engine=hermes&transform.bytecode=true&transform.routerRoot=app:14970:44)
    at __callReactNativeMicrotasks (http://bjubt34-anonymous-8081.exp.direct/node_modules%5Cexpo-router%5Centry.bundle//&platform=android&dev=true&hot=false&lazy=true&transform.engine=hermes&transform.bytecode=true&transform.routerRoot=app:2637:48)
    at anonymous (http://bjubt34-anonymous-8081.exp.direct/node_modules%5Cexpo-router%5Centry.bundle//&platform=android&dev=true&hot=false&lazy=true&transform.engine=hermes&transform.bytecode=true&transform.routerRoot=app:2410:45)
    at __guard (http://bjubt34-anonymous-8081.exp.direct/node_modules%5Cexpo-router%5Centry.bundle//&platform=android&dev=true&hot=false&lazy=true&transform.engine=hermes&transform.bytecode=true&transform.routerRoot=app:2609:15)
    at flushedQueue (http://bjubt34-anonymous-8081.exp.direct/node_modules%5Cexpo-router%5Centry.bundle//&platform=android&dev=true&hot=false&lazy=true&transform.engine=hermes&transform.bytecode=true&transform.routerRoot=app:2409:21)
    at callFunctionReturnFlushedQueue (http://bjubt34-anonymous-8081.exp.direct/node_modules%5Cexpo-router%5Centry.bundle//&platform=android&dev=true&hot=false&lazy=true&transform.engine=hermes&transform.bytecode=true&transform.routerRoot=app:2394:33)
{
  "url": "No URL",
  "method": "No method",
  "ip": "::ffff:172.18.0.9"
}

------------------------------------------------------------------------------------------------

2024-07-25 12:48:24 [logger_api] jordan@solution-logique.fr error: Network response was not ok
Error: Network response was not ok
    at ?anon_0_ (http://bjubt34-anonymous-8081.exp.direct/app\utils\functions\customer_functions.bundle//&platform=android&hot=false&lazy=true&transform.engine=hermes&transform.bytecode=true&transform.routerRoot=app&dev=true&minify=false&modulesOnly=true&runModule=false&shallow=true:105:32)
    at next (native)
    at asyncGeneratorStep (http://bjubt34-anonymous-8081.exp.direct/node_modules%5Cexpo-router%5Centry.bundle//&platform=android&dev=true&hot=false&lazy=true&transform.engine=hermes&transform.bytecode=true&transform.routerRoot=app:5844:19)
    at _next (http://bjubt34-anonymous-8081.exp.direct/node_modules%5Cexpo-router%5Centry.bundle//&platform=android&dev=true&hot=false&lazy=true&transform.engine=hermes&transform.bytecode=true&transform.routerRoot=app:5858:29)
    at tryCallOne (address at InternalBytecode.js:1:1180)
    at anonymous (address at InternalBytecode.js:1:1874)
    at apply (native)
    at anonymous (http://bjubt34-anonymous-8081.exp.direct/node_modules%5Cexpo-router%5Centry.bundle//&platform=android&dev=true&hot=false&lazy=true&transform.engine=hermes&transform.bytecode=true&transform.routerRoot=app:14840:26)
    at _callTimer (http://bjubt34-anonymous-8081.exp.direct/node_modules%5Cexpo-router%5Centry.bundle//&platform=android&dev=true&hot=false&lazy=true&transform.engine=hermes&transform.bytecode=true&transform.routerRoot=app:14719:17)
    at _callReactNativeMicrotasksPass (http://bjubt34-anonymous-8081.exp.direct/node_modules%5Cexpo-router%5Centry.bundle//&platform=android&dev=true&hot=false&lazy=true&transform.engine=hermes&transform.bytecode=true&transform.routerRoot=app:14764:17)
    at callReactNativeMicrotasks (http://bjubt34-anonymous-8081.exp.direct/node_modules%5Cexpo-router%5Centry.bundle//&platform=android&dev=true&hot=false&lazy=true&transform.engine=hermes&transform.bytecode=true&transform.routerRoot=app:14970:44)
    at __callReactNativeMicrotasks (http://bjubt34-anonymous-8081.exp.direct/node_modules%5Cexpo-router%5Centry.bundle//&platform=android&dev=true&hot=false&lazy=true&transform.engine=hermes&transform.bytecode=true&transform.routerRoot=app:2637:48)
    at anonymous (http://bjubt34-anonymous-8081.exp.direct/node_modules%5Cexpo-router%5Centry.bundle//&platform=android&dev=true&hot=false&lazy=true&transform.engine=hermes&transform.bytecode=true&transform.routerRoot=app:2410:45)
    at __guard (http://bjubt34-anonymous-8081.exp.direct/node_modules%5Cexpo-router%5Centry.bundle//&platform=android&dev=true&hot=false&lazy=true&transform.engine=hermes&transform.bytecode=true&transform.routerRoot=app:2609:15)
    at flushedQueue (http://bjubt34-anonymous-8081.exp.direct/node_modules%5Cexpo-router%5Centry.bundle//&platform=android&dev=true&hot=false&lazy=true&transform.engine=hermes&transform.bytecode=true&transform.routerRoot=app:2409:21)
    at callFunctionReturnFlushedQueue (http://bjubt34-anonymous-8081.exp.direct/node_modules%5Cexpo-router%5Centry.bundle//&platform=android&dev=true&hot=false&lazy=true&transform.engine=hermes&transform.bytecode=true&transform.routerRoot=app:2394:33)
{
  "url": "No URL",
  "method": "No method",
  "ip": "::ffff:172.18.0.9"
}

------------------------------------------------------------------------------------------------

2024-07-25 12:48:24 [logger_api] jordan@solution-logique.fr error: Network response was not ok
Error: Network response was not ok
    at ?anon_0_ (http://bjubt34-anonymous-8081.exp.direct/app\utils\functions\customer_functions.bundle//&platform=android&hot=false&lazy=true&transform.engine=hermes&transform.bytecode=true&transform.routerRoot=app&dev=true&minify=false&modulesOnly=true&runModule=false&shallow=true:105:32)
    at next (native)
    at asyncGeneratorStep (http://bjubt34-anonymous-8081.exp.direct/node_modules%5Cexpo-router%5Centry.bundle//&platform=android&dev=true&hot=false&lazy=true&transform.engine=hermes&transform.bytecode=true&transform.routerRoot=app:5844:19)
    at _next (http://bjubt34-anonymous-8081.exp.direct/node_modules%5Cexpo-router%5Centry.bundle//&platform=android&dev=true&hot=false&lazy=true&transform.engine=hermes&transform.bytecode=true&transform.routerRoot=app:5858:29)
    at tryCallOne (address at InternalBytecode.js:1:1180)
    at anonymous (address at InternalBytecode.js:1:1874)
    at apply (native)
    at anonymous (http://bjubt34-anonymous-8081.exp.direct/node_modules%5Cexpo-router%5Centry.bundle//&platform=android&dev=true&hot=false&lazy=true&transform.engine=hermes&transform.bytecode=true&transform.routerRoot=app:14840:26)
    at _callTimer (http://bjubt34-anonymous-8081.exp.direct/node_modules%5Cexpo-router%5Centry.bundle//&platform=android&dev=true&hot=false&lazy=true&transform.engine=hermes&transform.bytecode=true&transform.routerRoot=app:14719:17)
    at _callReactNativeMicrotasksPass (http://bjubt34-anonymous-8081.exp.direct/node_modules%5Cexpo-router%5Centry.bundle//&platform=android&dev=true&hot=false&lazy=true&transform.engine=hermes&transform.bytecode=true&transform.routerRoot=app:14764:17)
    at callReactNativeMicrotasks (http://bjubt34-anonymous-8081.exp.direct/node_modules%5Cexpo-router%5Centry.bundle//&platform=android&dev=true&hot=false&lazy=true&transform.engine=hermes&transform.bytecode=true&transform.routerRoot=app:14970:44)
    at __callReactNativeMicrotasks (http://bjubt34-anonymous-8081.exp.direct/node_modules%5Cexpo-router%5Centry.bundle//&platform=android&dev=true&hot=false&lazy=true&transform.engine=hermes&transform.bytecode=true&transform.routerRoot=app:2637:48)
    at anonymous (http://bjubt34-anonymous-8081.exp.direct/node_modules%5Cexpo-router%5Centry.bundle//&platform=android&dev=true&hot=false&lazy=true&transform.engine=hermes&transform.bytecode=true&transform.routerRoot=app:2410:45)
    at __guard (http://bjubt34-anonymous-8081.exp.direct/node_modules%5Cexpo-router%5Centry.bundle//&platform=android&dev=true&hot=false&lazy=true&transform.engine=hermes&transform.bytecode=true&transform.routerRoot=app:2609:15)
    at flushedQueue (http://bjubt34-anonymous-8081.exp.direct/node_modules%5Cexpo-router%5Centry.bundle//&platform=android&dev=true&hot=false&lazy=true&transform.engine=hermes&transform.bytecode=true&transform.routerRoot=app:2409:21)
    at callFunctionReturnFlushedQueue (http://bjubt34-anonymous-8081.exp.direct/node_modules%5Cexpo-router%5Centry.bundle//&platform=android&dev=true&hot=false&lazy=true&transform.engine=hermes&transform.bytecode=true&transform.routerRoot=app:2394:33)
{
  "url": "No URL",
  "method": "No method",
  "ip": "::ffff:172.18.0.9"
}

------------------------------------------------------------------------------------------------

2024-07-25 12:59:03 [logger_api] jordan@solution-logique.fr error: Network response was not ok
Error: Network response was not ok
    at ?anon_0_ (http://bjubt34-anonymous-8081.exp.direct/app\utils\functions\customer_functions.bundle//&platform=android&hot=false&lazy=true&transform.engine=hermes&transform.bytecode=true&transform.routerRoot=app&dev=true&minify=false&modulesOnly=true&runModule=false&shallow=true:105:32)
    at next (native)
    at asyncGeneratorStep (http://bjubt34-anonymous-8081.exp.direct/node_modules%5Cexpo-router%5Centry.bundle//&platform=android&dev=true&hot=false&lazy=true&transform.engine=hermes&transform.bytecode=true&transform.routerRoot=app:5844:19)
    at _next (http://bjubt34-anonymous-8081.exp.direct/node_modules%5Cexpo-router%5Centry.bundle//&platform=android&dev=true&hot=false&lazy=true&transform.engine=hermes&transform.bytecode=true&transform.routerRoot=app:5858:29)
    at tryCallOne (address at InternalBytecode.js:1:1180)
    at anonymous (address at InternalBytecode.js:1:1874)
    at apply (native)
    at anonymous (http://bjubt34-anonymous-8081.exp.direct/node_modules%5Cexpo-router%5Centry.bundle//&platform=android&dev=true&hot=false&lazy=true&transform.engine=hermes&transform.bytecode=true&transform.routerRoot=app:14840:26)
    at _callTimer (http://bjubt34-anonymous-8081.exp.direct/node_modules%5Cexpo-router%5Centry.bundle//&platform=android&dev=true&hot=false&lazy=true&transform.engine=hermes&transform.bytecode=true&transform.routerRoot=app:14719:17)
    at _callReactNativeMicrotasksPass (http://bjubt34-anonymous-8081.exp.direct/node_modules%5Cexpo-router%5Centry.bundle//&platform=android&dev=true&hot=false&lazy=true&transform.engine=hermes&transform.bytecode=true&transform.routerRoot=app:14764:17)
    at callReactNativeMicrotasks (http://bjubt34-anonymous-8081.exp.direct/node_modules%5Cexpo-router%5Centry.bundle//&platform=android&dev=true&hot=false&lazy=true&transform.engine=hermes&transform.bytecode=true&transform.routerRoot=app:14970:44)
    at __callReactNativeMicrotasks (http://bjubt34-anonymous-8081.exp.direct/node_modules%5Cexpo-router%5Centry.bundle//&platform=android&dev=true&hot=false&lazy=true&transform.engine=hermes&transform.bytecode=true&transform.routerRoot=app:2637:48)
    at anonymous (http://bjubt34-anonymous-8081.exp.direct/node_modules%5Cexpo-router%5Centry.bundle//&platform=android&dev=true&hot=false&lazy=true&transform.engine=hermes&transform.bytecode=true&transform.routerRoot=app:2410:45)
    at __guard (http://bjubt34-anonymous-8081.exp.direct/node_modules%5Cexpo-router%5Centry.bundle//&platform=android&dev=true&hot=false&lazy=true&transform.engine=hermes&transform.bytecode=true&transform.routerRoot=app:2609:15)
    at flushedQueue (http://bjubt34-anonymous-8081.exp.direct/node_modules%5Cexpo-router%5Centry.bundle//&platform=android&dev=true&hot=false&lazy=true&transform.engine=hermes&transform.bytecode=true&transform.routerRoot=app:2409:21)
    at callFunctionReturnFlushedQueue (http://bjubt34-anonymous-8081.exp.direct/node_modules%5Cexpo-router%5Centry.bundle//&platform=android&dev=true&hot=false&lazy=true&transform.engine=hermes&transform.bytecode=true&transform.routerRoot=app:2394:33)
{
  "url": "No URL",
  "method": "No method",
  "ip": "::ffff:172.18.0.9"
}

------------------------------------------------------------------------------------------------

2024-07-25 12:59:03 [logger_api] jordan@solution-logique.fr error: Network response was not ok
Error: Network response was not ok
    at ?anon_0_ (http://bjubt34-anonymous-8081.exp.direct/app\utils\functions\customer_functions.bundle//&platform=android&hot=false&lazy=true&transform.engine=hermes&transform.bytecode=true&transform.routerRoot=app&dev=true&minify=false&modulesOnly=true&runModule=false&shallow=true:105:32)
    at next (native)
    at asyncGeneratorStep (http://bjubt34-anonymous-8081.exp.direct/node_modules%5Cexpo-router%5Centry.bundle//&platform=android&dev=true&hot=false&lazy=true&transform.engine=hermes&transform.bytecode=true&transform.routerRoot=app:5844:19)
    at _next (http://bjubt34-anonymous-8081.exp.direct/node_modules%5Cexpo-router%5Centry.bundle//&platform=android&dev=true&hot=false&lazy=true&transform.engine=hermes&transform.bytecode=true&transform.routerRoot=app:5858:29)
    at tryCallOne (address at InternalBytecode.js:1:1180)
    at anonymous (address at InternalBytecode.js:1:1874)
    at apply (native)
    at anonymous (http://bjubt34-anonymous-8081.exp.direct/node_modules%5Cexpo-router%5Centry.bundle//&platform=android&dev=true&hot=false&lazy=true&transform.engine=hermes&transform.bytecode=true&transform.routerRoot=app:14840:26)
    at _callTimer (http://bjubt34-anonymous-8081.exp.direct/node_modules%5Cexpo-router%5Centry.bundle//&platform=android&dev=true&hot=false&lazy=true&transform.engine=hermes&transform.bytecode=true&transform.routerRoot=app:14719:17)
    at _callReactNativeMicrotasksPass (http://bjubt34-anonymous-8081.exp.direct/node_modules%5Cexpo-router%5Centry.bundle//&platform=android&dev=true&hot=false&lazy=true&transform.engine=hermes&transform.bytecode=true&transform.routerRoot=app:14764:17)
    at callReactNativeMicrotasks (http://bjubt34-anonymous-8081.exp.direct/node_modules%5Cexpo-router%5Centry.bundle//&platform=android&dev=true&hot=false&lazy=true&transform.engine=hermes&transform.bytecode=true&transform.routerRoot=app:14970:44)
    at __callReactNativeMicrotasks (http://bjubt34-anonymous-8081.exp.direct/node_modules%5Cexpo-router%5Centry.bundle//&platform=android&dev=true&hot=false&lazy=true&transform.engine=hermes&transform.bytecode=true&transform.routerRoot=app:2637:48)
    at anonymous (http://bjubt34-anonymous-8081.exp.direct/node_modules%5Cexpo-router%5Centry.bundle//&platform=android&dev=true&hot=false&lazy=true&transform.engine=hermes&transform.bytecode=true&transform.routerRoot=app:2410:45)
    at __guard (http://bjubt34-anonymous-8081.exp.direct/node_modules%5Cexpo-router%5Centry.bundle//&platform=android&dev=true&hot=false&lazy=true&transform.engine=hermes&transform.bytecode=true&transform.routerRoot=app:2609:15)
    at flushedQueue (http://bjubt34-anonymous-8081.exp.direct/node_modules%5Cexpo-router%5Centry.bundle//&platform=android&dev=true&hot=false&lazy=true&transform.engine=hermes&transform.bytecode=true&transform.routerRoot=app:2409:21)
    at callFunctionReturnFlushedQueue (http://bjubt34-anonymous-8081.exp.direct/node_modules%5Cexpo-router%5Centry.bundle//&platform=android&dev=true&hot=false&lazy=true&transform.engine=hermes&transform.bytecode=true&transform.routerRoot=app:2394:33)
{
  "url": "No URL",
  "method": "No method",
  "ip": "::ffff:172.18.0.9"
}

------------------------------------------------------------------------------------------------

2024-07-25 13:06:59 [logger_api] jordan@solution-logique.fr error: Network response was not ok
Error: Network response was not ok
    at ?anon_0_ (http://bjubt34-anonymous-8081.exp.direct/app\utils\functions\customer_functions.bundle//&platform=android&hot=false&lazy=true&transform.engine=hermes&transform.bytecode=true&transform.routerRoot=app&dev=true&minify=false&modulesOnly=true&runModule=false&shallow=true:105:32)
    at next (native)
    at asyncGeneratorStep (http://bjubt34-anonymous-8081.exp.direct/node_modules%5Cexpo-router%5Centry.bundle//&platform=android&dev=true&hot=false&lazy=true&transform.engine=hermes&transform.bytecode=true&transform.routerRoot=app:5844:19)
    at _next (http://bjubt34-anonymous-8081.exp.direct/node_modules%5Cexpo-router%5Centry.bundle//&platform=android&dev=true&hot=false&lazy=true&transform.engine=hermes&transform.bytecode=true&transform.routerRoot=app:5858:29)
    at tryCallOne (address at InternalBytecode.js:1:1180)
    at anonymous (address at InternalBytecode.js:1:1874)
    at apply (native)
    at anonymous (http://bjubt34-anonymous-8081.exp.direct/node_modules%5Cexpo-router%5Centry.bundle//&platform=android&dev=true&hot=false&lazy=true&transform.engine=hermes&transform.bytecode=true&transform.routerRoot=app:14840:26)
    at _callTimer (http://bjubt34-anonymous-8081.exp.direct/node_modules%5Cexpo-router%5Centry.bundle//&platform=android&dev=true&hot=false&lazy=true&transform.engine=hermes&transform.bytecode=true&transform.routerRoot=app:14719:17)
    at _callReactNativeMicrotasksPass (http://bjubt34-anonymous-8081.exp.direct/node_modules%5Cexpo-router%5Centry.bundle//&platform=android&dev=true&hot=false&lazy=true&transform.engine=hermes&transform.bytecode=true&transform.routerRoot=app:14764:17)
    at callReactNativeMicrotasks (http://bjubt34-anonymous-8081.exp.direct/node_modules%5Cexpo-router%5Centry.bundle//&platform=android&dev=true&hot=false&lazy=true&transform.engine=hermes&transform.bytecode=true&transform.routerRoot=app:14970:44)
    at __callReactNativeMicrotasks (http://bjubt34-anonymous-8081.exp.direct/node_modules%5Cexpo-router%5Centry.bundle//&platform=android&dev=true&hot=false&lazy=true&transform.engine=hermes&transform.bytecode=true&transform.routerRoot=app:2637:48)
    at anonymous (http://bjubt34-anonymous-8081.exp.direct/node_modules%5Cexpo-router%5Centry.bundle//&platform=android&dev=true&hot=false&lazy=true&transform.engine=hermes&transform.bytecode=true&transform.routerRoot=app:2410:45)
    at __guard (http://bjubt34-anonymous-8081.exp.direct/node_modules%5Cexpo-router%5Centry.bundle//&platform=android&dev=true&hot=false&lazy=true&transform.engine=hermes&transform.bytecode=true&transform.routerRoot=app:2609:15)
    at flushedQueue (http://bjubt34-anonymous-8081.exp.direct/node_modules%5Cexpo-router%5Centry.bundle//&platform=android&dev=true&hot=false&lazy=true&transform.engine=hermes&transform.bytecode=true&transform.routerRoot=app:2409:21)
    at callFunctionReturnFlushedQueue (http://bjubt34-anonymous-8081.exp.direct/node_modules%5Cexpo-router%5Centry.bundle//&platform=android&dev=true&hot=false&lazy=true&transform.engine=hermes&transform.bytecode=true&transform.routerRoot=app:2394:33)
{
  "url": "No URL",
  "method": "No method",
  "ip": "::ffff:172.18.0.9"
}

------------------------------------------------------------------------------------------------

2024-07-25 13:07:00 [logger_api] jordan@solution-logique.fr error: Network response was not ok
Error: Network response was not ok
    at ?anon_0_ (http://bjubt34-anonymous-8081.exp.direct/app\utils\functions\customer_functions.bundle//&platform=android&hot=false&lazy=true&transform.engine=hermes&transform.bytecode=true&transform.routerRoot=app&dev=true&minify=false&modulesOnly=true&runModule=false&shallow=true:105:32)
    at next (native)
    at asyncGeneratorStep (http://bjubt34-anonymous-8081.exp.direct/node_modules%5Cexpo-router%5Centry.bundle//&platform=android&dev=true&hot=false&lazy=true&transform.engine=hermes&transform.bytecode=true&transform.routerRoot=app:5844:19)
    at _next (http://bjubt34-anonymous-8081.exp.direct/node_modules%5Cexpo-router%5Centry.bundle//&platform=android&dev=true&hot=false&lazy=true&transform.engine=hermes&transform.bytecode=true&transform.routerRoot=app:5858:29)
    at tryCallOne (address at InternalBytecode.js:1:1180)
    at anonymous (address at InternalBytecode.js:1:1874)
    at apply (native)
    at anonymous (http://bjubt34-anonymous-8081.exp.direct/node_modules%5Cexpo-router%5Centry.bundle//&platform=android&dev=true&hot=false&lazy=true&transform.engine=hermes&transform.bytecode=true&transform.routerRoot=app:14840:26)
    at _callTimer (http://bjubt34-anonymous-8081.exp.direct/node_modules%5Cexpo-router%5Centry.bundle//&platform=android&dev=true&hot=false&lazy=true&transform.engine=hermes&transform.bytecode=true&transform.routerRoot=app:14719:17)
    at _callReactNativeMicrotasksPass (http://bjubt34-anonymous-8081.exp.direct/node_modules%5Cexpo-router%5Centry.bundle//&platform=android&dev=true&hot=false&lazy=true&transform.engine=hermes&transform.bytecode=true&transform.routerRoot=app:14764:17)
    at callReactNativeMicrotasks (http://bjubt34-anonymous-8081.exp.direct/node_modules%5Cexpo-router%5Centry.bundle//&platform=android&dev=true&hot=false&lazy=true&transform.engine=hermes&transform.bytecode=true&transform.routerRoot=app:14970:44)
    at __callReactNativeMicrotasks (http://bjubt34-anonymous-8081.exp.direct/node_modules%5Cexpo-router%5Centry.bundle//&platform=android&dev=true&hot=false&lazy=true&transform.engine=hermes&transform.bytecode=true&transform.routerRoot=app:2637:48)
    at anonymous (http://bjubt34-anonymous-8081.exp.direct/node_modules%5Cexpo-router%5Centry.bundle//&platform=android&dev=true&hot=false&lazy=true&transform.engine=hermes&transform.bytecode=true&transform.routerRoot=app:2410:45)
    at __guard (http://bjubt34-anonymous-8081.exp.direct/node_modules%5Cexpo-router%5Centry.bundle//&platform=android&dev=true&hot=false&lazy=true&transform.engine=hermes&transform.bytecode=true&transform.routerRoot=app:2609:15)
    at flushedQueue (http://bjubt34-anonymous-8081.exp.direct/node_modules%5Cexpo-router%5Centry.bundle//&platform=android&dev=true&hot=false&lazy=true&transform.engine=hermes&transform.bytecode=true&transform.routerRoot=app:2409:21)
    at callFunctionReturnFlushedQueue (http://bjubt34-anonymous-8081.exp.direct/node_modules%5Cexpo-router%5Centry.bundle//&platform=android&dev=true&hot=false&lazy=true&transform.engine=hermes&transform.bytecode=true&transform.routerRoot=app:2394:33)
{
  "url": "No URL",
  "method": "No method",
  "ip": "::ffff:172.18.0.9"
}

------------------------------------------------------------------------------------------------

