30-07-2024 06:41:19 [authentification_api] info: Login successful for email: jordan@solution-logique.fr
{
  "ip": "172.18.0.9",
  "url": "/",
  "method": "POST"
}

--------------------------------------------------------------

30-07-2024 06:43:48 [authentification_api] info: Login successful for email: jordan@solution-logique.fr
{
  "ip": "172.18.0.9",
  "url": "/",
  "method": "POST"
}

--------------------------------------------------------------

30-07-2024 06:52:20 [authentification_api] info: Login successful for email: jordan@solution-logique.fr
{
  "ip": "172.18.0.9",
  "url": "/",
  "method": "POST"
}

--------------------------------------------------------------

30-07-2024 06:52:24 [authentification_api] info: Login successful for email: jordan@solution-logique.fr
{
  "ip": "172.18.0.9",
  "url": "/",
  "method": "POST"
}

--------------------------------------------------------------

30-07-2024 06:52:27 [authentification_api] info: Login successful for email: jordan@solution-logique.fr
{
  "ip": "172.18.0.9",
  "url": "/",
  "method": "POST"
}

--------------------------------------------------------------

30-07-2024 07:01:25 [authentification_api] info: Login successful for email: jordan@solution-logique.fr
{
  "ip": "172.18.0.9",
  "url": "/",
  "method": "POST"
}

--------------------------------------------------------------

30-07-2024 07:04:14 [authentification_api] info: Login successful for email: jordan@solution-logique.fr
{
  "ip": "172.18.0.9",
  "url": "/",
  "method": "POST"
}

--------------------------------------------------------------

30-07-2024 07:16:29 [authentification_api] info: Login successful for email: jordan@solution-logique.fr
{
  "ip": "172.18.0.9",
  "url": "/",
  "method": "POST"
}

--------------------------------------------------------------

30-07-2024 07:18:01 [authentification_api] info: Login successful for email: jordan@solution-logique.fr
{
  "ip": "172.18.0.9",
  "url": "/",
  "method": "POST"
}

--------------------------------------------------------------

30-07-2024 07:30:38 [authentification_api] info: Login successful for email: jordan@solution-logique.fr
{
  "ip": "172.18.0.9",
  "url": "/",
  "method": "POST"
}

--------------------------------------------------------------

30-07-2024 07:33:34 [authentification_api] info: Login successful for email: jordan@solution-logique.fr
{
  "ip": "172.18.0.9",
  "url": "/",
  "method": "POST"
}

--------------------------------------------------------------

30-07-2024 07:33:35 [authentification_api] info: Login successful for email: jordan@solution-logique.fr
{
  "ip": "172.18.0.9",
  "url": "/",
  "method": "POST"
}

--------------------------------------------------------------

30-07-2024 07:42:00 [authentification_api] info: Login successful for email: jordan@solution-logique.fr
{
  "ip": "172.18.0.9",
  "url": "/",
  "method": "POST"
}

--------------------------------------------------------------

30-07-2024 07:44:20 [authentification_api] info: Login successful for email: jordan@solution-logique.fr
{
  "ip": "172.18.0.9",
  "url": "/",
  "method": "POST"
}

--------------------------------------------------------------

30-07-2024 07:45:50 [authentification_api] info: Login successful for email: jordan@solution-logique.fr
{
  "ip": "172.18.0.9",
  "url": "/",
  "method": "POST"
}

--------------------------------------------------------------

30-07-2024 08:14:50 [authentification_api] info: Login successful for email: jordan@solution-logique.fr
{
  "ip": "172.18.0.9",
  "url": "/",
  "method": "POST"
}

--------------------------------------------------------------

30-07-2024 08:18:50 [authentification_api] info: Login successful for email: jordan@solution-logique.fr
{
  "ip": "172.18.0.9",
  "url": "/",
  "method": "POST"
}

--------------------------------------------------------------

30-07-2024 08:26:41 [authentification_api] info: Login successful for email: jordan@solution-logique.fr
{
  "ip": "172.18.0.9",
  "url": "/",
  "method": "POST"
}

--------------------------------------------------------------

30-07-2024 09:56:30 [authentification_api] info: Login successful for email: jordan@solution-logique.fr
{
  "ip": "172.18.0.9",
  "url": "/",
  "method": "POST"
}

--------------------------------------------------------------

30-07-2024 14:18:21 [authentification_api] error: Invalid credentials
Error: Invalid credentials
    at login (/app/src/controller/auth_controller.ts:16:18)
    at process.processTicksAndRejections (node:internal/process/task_queues:95:5)
{
  "url": "/",
  "method": "POST",
  "ip": "172.18.0.9",
  "email": "jordan@solution-logique.fr"
}

--------------------------------------------------------------

30-07-2024 14:18:44 [authentification_api] info: Login successful for email: jordan@solution-logique.fr
{
  "ip": "172.18.0.9",
  "url": "/",
  "method": "POST"
}

--------------------------------------------------------------

30-07-2024 14:20:53 [authentification_api] info: Login successful for email: jordan@solution-logique.fr
{
  "ip": "172.18.0.9",
  "url": "/",
  "method": "POST"
}

--------------------------------------------------------------

30-07-2024 14:22:28 [authentification_api] info: Login successful for email: jordan@solution-logique.fr
{
  "ip": "172.18.0.9",
  "url": "/",
  "method": "POST"
}

--------------------------------------------------------------

