31-07-2024 11:08:39 [authentification_api] info: Login successful for email: jordan@solution-logique.fr
{
  "ip": "172.18.0.9",
  "url": "/",
  "method": "POST"
}

--------------------------------------------------------------

31-07-2024 11:23:43 [authentification_api] info: Login successful for email: jordan@solution-logique.fr
{
  "ip": "172.18.0.9",
  "url": "/",
  "method": "POST"
}

--------------------------------------------------------------

31-07-2024 11:23:45 [authentification_api] info: Login successful for email: jordan@solution-logique.fr
{
  "ip": "172.18.0.9",
  "url": "/",
  "method": "POST"
}

--------------------------------------------------------------

31-07-2024 11:25:12 [authentification_api] info: Login successful for email: jordan@solution-logique.fr
{
  "ip": "172.18.0.9",
  "url": "/",
  "method": "POST"
}

--------------------------------------------------------------

31-07-2024 11:26:49 [authentification_api] info: Login successful for email: jordan@solution-logique.fr
{
  "ip": "172.18.0.9",
  "url": "/",
  "method": "POST"
}

--------------------------------------------------------------

31-07-2024 11:26:50 [authentification_api] info: Login successful for email: jordan@solution-logique.fr
{
  "ip": "172.18.0.9",
  "url": "/",
  "method": "POST"
}

--------------------------------------------------------------

31-07-2024 11:35:37 [authentification_api] info: Login successful for email: jordan@solution-logique.fr
{
  "ip": "172.18.0.9",
  "url": "/",
  "method": "POST"
}

--------------------------------------------------------------

31-07-2024 11:47:12 [authentification_api] info: Login successful for email: jordan@solution-logique.fr
{
  "ip": "172.18.0.9",
  "url": "/",
  "method": "POST"
}

--------------------------------------------------------------

31-07-2024 11:52:03 [authentification_api] info: Login successful for email: jordan@solution-logique.fr
{
  "ip": "172.18.0.9",
  "url": "/",
  "method": "POST"
}

--------------------------------------------------------------

31-07-2024 11:57:08 [authentification_api] info: Login successful for email: jordan@solution-logique.fr
{
  "ip": "172.18.0.9",
  "url": "/",
  "method": "POST"
}

--------------------------------------------------------------

31-07-2024 12:58:57 [authentification_api] info: Login successful for email: jordan@solution-logique.fr
{
  "ip": "172.18.0.9",
  "url": "/",
  "method": "POST"
}

--------------------------------------------------------------

31-07-2024 12:59:05 [authentification_api] info: Login successful for email: jordan@solution-logique.fr
{
  "ip": "172.18.0.9",
  "url": "/",
  "method": "POST"
}

--------------------------------------------------------------

31-07-2024 12:59:08 [authentification_api] info: Login successful for email: jordan@solution-logique.fr
{
  "ip": "172.18.0.9",
  "url": "/",
  "method": "POST"
}

--------------------------------------------------------------

31-07-2024 12:59:10 [authentification_api] info: Login successful for email: jordan@solution-logique.fr
{
  "ip": "172.18.0.9",
  "url": "/",
  "method": "POST"
}

--------------------------------------------------------------

