03-08-2024 06:28:04 [authentification_api] info: Login successful for email: jordan@solution-logique.fr
{
  "ip": "172.18.0.9",
  "url": "/",
  "method": "POST"
}

--------------------------------------------------------------

03-08-2024 06:34:47 [authentification_api] info: Login successful for email: jordan@solution-logique.fr
{
  "ip": "172.18.0.9",
  "url": "/",
  "method": "POST"
}

--------------------------------------------------------------

03-08-2024 06:36:51 [authentification_api] info: Login successful for email: jordan@solution-logique.fr
{
  "ip": "172.18.0.9",
  "url": "/",
  "method": "POST"
}

--------------------------------------------------------------

03-08-2024 06:41:10 [authentification_api] info: Login successful for email: jordan@solution-logique.fr
{
  "ip": "172.18.0.9",
  "url": "/",
  "method": "POST"
}

--------------------------------------------------------------

03-08-2024 06:43:40 [authentification_api] info: Login successful for email: jordan@solution-logique.fr
{
  "ip": "172.18.0.9",
  "url": "/",
  "method": "POST"
}

--------------------------------------------------------------

03-08-2024 06:44:21 [authentification_api] info: Login successful for email: jordan@solution-logique.fr
{
  "ip": "172.18.0.9",
  "url": "/",
  "method": "POST"
}

--------------------------------------------------------------

03-08-2024 06:52:54 [authentification_api] info: Login successful for email: jordan@solution-logique.fr
{
  "ip": "172.18.0.9",
  "url": "/",
  "method": "POST"
}

--------------------------------------------------------------

03-08-2024 06:56:22 [authentification_api] info: Login successful for email: jordan@solution-logique.fr
{
  "ip": "172.18.0.9",
  "url": "/",
  "method": "POST"
}

--------------------------------------------------------------

03-08-2024 07:01:14 [authentification_api] info: Login successful for email: jordan@solution-logique.fr
{
  "ip": "172.18.0.9",
  "url": "/",
  "method": "POST"
}

--------------------------------------------------------------

