23-07-2024 14:25:07 [client_api] error: Erreur intentionnelle pour le test
Error: Erreur intentionnelle pour le test
    at getCustomersPaginated (/app/src/controller/client_controller.ts:36:12)
    at Layer.handle [as handle_request] (/app/node_modules/express/lib/router/layer.js:95:5)
    at next (/app/node_modules/express/lib/router/route.js:149:13)
    at Route.dispatch (/app/node_modules/express/lib/router/route.js:119:3)
    at Layer.handle [as handle_request] (/app/node_modules/express/lib/router/layer.js:95:5)
    at /app/node_modules/express/lib/router/index.js:284:15
    at Function.process_params (/app/node_modules/express/lib/router/index.js:346:12)
    at next (/app/node_modules/express/lib/router/index.js:280:10)
    at Function.handle (/app/node_modules/express/lib/router/index.js:175:3)
    at router (/app/node_modules/express/lib/router/index.js:47:12)
{
  "url": "/customers/paginated?searchQuery=&limit=25&offset=0",
  "method": "GET",
  "ip": "172.18.0.1"
}

------------------------------------------------------------------------------------------------

23-07-2024 14:25:12 [client_api] error: Erreur intentionnelle pour le test
Error: Erreur intentionnelle pour le test
    at getCustomersPaginated (/app/src/controller/client_controller.ts:36:12)
    at Layer.handle [as handle_request] (/app/node_modules/express/lib/router/layer.js:95:5)
    at next (/app/node_modules/express/lib/router/route.js:149:13)
    at Route.dispatch (/app/node_modules/express/lib/router/route.js:119:3)
    at Layer.handle [as handle_request] (/app/node_modules/express/lib/router/layer.js:95:5)
    at /app/node_modules/express/lib/router/index.js:284:15
    at Function.process_params (/app/node_modules/express/lib/router/index.js:346:12)
    at next (/app/node_modules/express/lib/router/index.js:280:10)
    at Function.handle (/app/node_modules/express/lib/router/index.js:175:3)
    at router (/app/node_modules/express/lib/router/index.js:47:12)
{
  "url": "/customers/paginated?searchQuery=&limit=25&offset=0",
  "method": "GET",
  "ip": "172.18.0.1"
}

------------------------------------------------------------------------------------------------

23-07-2024 14:25:17 [client_api] error: Erreur intentionnelle pour le test
Error: Erreur intentionnelle pour le test
    at getCustomersPaginated (/app/src/controller/client_controller.ts:36:12)
    at Layer.handle [as handle_request] (/app/node_modules/express/lib/router/layer.js:95:5)
    at next (/app/node_modules/express/lib/router/route.js:149:13)
    at Route.dispatch (/app/node_modules/express/lib/router/route.js:119:3)
    at Layer.handle [as handle_request] (/app/node_modules/express/lib/router/layer.js:95:5)
    at /app/node_modules/express/lib/router/index.js:284:15
    at Function.process_params (/app/node_modules/express/lib/router/index.js:346:12)
    at next (/app/node_modules/express/lib/router/index.js:280:10)
    at Function.handle (/app/node_modules/express/lib/router/index.js:175:3)
    at router (/app/node_modules/express/lib/router/index.js:47:12)
{
  "url": "/customers/paginated?searchQuery=&limit=25&offset=0",
  "method": "GET",
  "ip": "172.18.0.1"
}

------------------------------------------------------------------------------------------------

23-07-2024 14:25:22 [client_api] error: Erreur intentionnelle pour le test
Error: Erreur intentionnelle pour le test
    at getCustomersPaginated (/app/src/controller/client_controller.ts:36:12)
    at Layer.handle [as handle_request] (/app/node_modules/express/lib/router/layer.js:95:5)
    at next (/app/node_modules/express/lib/router/route.js:149:13)
    at Route.dispatch (/app/node_modules/express/lib/router/route.js:119:3)
    at Layer.handle [as handle_request] (/app/node_modules/express/lib/router/layer.js:95:5)
    at /app/node_modules/express/lib/router/index.js:284:15
    at Function.process_params (/app/node_modules/express/lib/router/index.js:346:12)
    at next (/app/node_modules/express/lib/router/index.js:280:10)
    at Function.handle (/app/node_modules/express/lib/router/index.js:175:3)
    at router (/app/node_modules/express/lib/router/index.js:47:12)
{
  "url": "/customers/paginated?searchQuery=&limit=25&offset=0",
  "method": "GET",
  "ip": "172.18.0.1"
}

------------------------------------------------------------------------------------------------

